#
# There is insufficient memory for the Java Runtime Environment to continue.
# Native memory allocation (malloc) failed to allocate 983216 bytes for Chunk::new
# Possible reasons:
#   The system is out of physical RAM or swap space
#   In 32 bit mode, the process size limit was hit
# Possible solutions:
#   Reduce memory load on the system
#   Increase physical memory or swap space
#   Check if swap backing store is full
#   Use 64 bit Java on a 64 bit OS
#   Decrease Java heap size (-Xmx/-Xms)
#   Decrease number of Java threads
#   Decrease Java thread stack sizes (-Xss)
#   Set larger code cache with -XX:ReservedCodeCacheSize=
# This output file may be truncated or incomplete.
#
#  Out of Memory Error (allocation.cpp:390), pid=6752, tid=12436
#
# JRE version: Java(TM) SE Runtime Environment (8.0_45-b14) (build 1.8.0_45-b14)
# Java VM: Java HotSpot(TM) 64-Bit Server VM (25.45-b02 mixed mode windows-amd64 compressed oops)
# Failed to write core dump. Minidumps are not enabled by default on client versions of Windows
#

---------------  T H R E A D  ---------------

Current thread (0x000000001964f800):  JavaThread "C2 CompilerThread2" daemon [_thread_in_native, id=12436, stack(0x0000000019e20000,0x0000000019f20000)]

Stack: [0x0000000019e20000,0x0000000019f20000]
Native frames: (J=compiled Java code, j=interpreted, Vv=VM code, C=native code)
V  [jvm.dll+0x32b57a]
V  [jvm.dll+0x279873]
V  [jvm.dll+0x27a509]
V  [jvm.dll+0x271825]
V  [jvm.dll+0xcb9e2]
V  [jvm.dll+0xcbeac]
V  [jvm.dll+0x476ef2]
V  [jvm.dll+0x4b955f]
V  [jvm.dll+0x46b92f]
V  [jvm.dll+0x46ccbe]
V  [jvm.dll+0x4500f2]
V  [jvm.dll+0xa4352]
V  [jvm.dll+0xa4c8f]
V  [jvm.dll+0x241984]
V  [jvm.dll+0x29853a]
C  [msvcr100.dll+0x21d9f]
C  [msvcr100.dll+0x21e3b]
C  [KERNEL32.DLL+0x17034]
C  [ntdll.dll+0x4cec1]


Current CompileTask:
C2:  45664 12138       4       brh::a (22 bytes)


---------------  P R O C E S S  ---------------

Java Threads: ( => current thread )
  0x000000001d7bf800 JavaThread "Worker-Main-20" daemon [_thread_blocked, id=8356, stack(0x0000000022c90000,0x0000000022d90000)]
  0x000000001d7be000 JavaThread "Worker-Main-19" daemon [_thread_blocked, id=332, stack(0x0000000022b90000,0x0000000022c90000)]
  0x000000001d7c1000 JavaThread "Netty Server IO #1" daemon [_thread_in_Java, id=11180, stack(0x000000001f2f0000,0x000000001f3f0000)]
  0x000000001d7bc800 JavaThread "Server Watchdog" daemon [_thread_blocked, id=9256, stack(0x0000000025230000,0x0000000025330000)]
  0x000000001e3df000 JavaThread "IO-Worker-18" [_thread_blocked, id=2256, stack(0x0000000024f30000,0x0000000025030000)]
  0x000000001e3de000 JavaThread "IO-Worker-17" [_thread_blocked, id=2636, stack(0x0000000024e30000,0x0000000024f30000)]
  0x000000001e3e2000 JavaThread "IO-Worker-16" [_thread_blocked, id=716, stack(0x0000000024d30000,0x0000000024e30000)]
  0x000000001e3e1000 JavaThread "Worker-Main-15" daemon [_thread_blocked, id=2208, stack(0x0000000024c30000,0x0000000024d30000)]
  0x000000001e3dd800 JavaThread "Netty Server IO #0" daemon [_thread_in_native, id=2000, stack(0x00000000244c0000,0x00000000245c0000)]
  0x000000001e3e0800 JavaThread "ObjectCleanerThread" daemon [_thread_blocked, id=1464, stack(0x0000000023320000,0x0000000023420000)]
  0x000000001e3d6000 JavaThread "Server console handler" daemon [_thread_in_native, id=10728, stack(0x0000000022e10000,0x0000000022f10000)]
  0x000000001e3dc800 JavaThread "DestroyJavaVM" [_thread_blocked, id=14476, stack(0x00000000023e0000,0x00000000024e0000)]
  0x000000001e3d4800 JavaThread "Server thread" [_thread_in_Java, id=13704, stack(0x0000000021900000,0x0000000021a00000)]
  0x000000001e3d5000 JavaThread "Snooper Timer" daemon [_thread_blocked, id=14452, stack(0x0000000021a00000,0x0000000021b00000)]
  0x000000001e3d8000 JavaThread "Worker-Main-11" daemon [_thread_blocked, id=14732, stack(0x0000000021600000,0x0000000021700000)]
  0x000000001e3d9800 JavaThread "Worker-Main-10" daemon [_thread_blocked, id=2628, stack(0x00000000204f0000,0x00000000205f0000)]
  0x000000001e3d9000 JavaThread "Worker-Main-9" daemon [_thread_blocked, id=2240, stack(0x00000000203f0000,0x00000000204f0000)]
  0x000000001e3d7800 JavaThread "Worker-Main-8" daemon [_thread_blocked, id=10544, stack(0x00000000202f0000,0x00000000203f0000)]
  0x000000001e3da800 JavaThread "Timer hack thread" daemon [_thread_blocked, id=7104, stack(0x000000001fef0000,0x000000001fff0000)]
  0x000000001b1ad000 JavaThread "Worker-Bootstrap-7" daemon [_thread_blocked, id=13952, stack(0x000000001f3f0000,0x000000001f4f0000)]
  0x000000001b1aa000 JavaThread "Worker-Bootstrap-5" daemon [_thread_blocked, id=9544, stack(0x000000001f1f0000,0x000000001f2f0000)]
  0x000000001b1ab800 JavaThread "Worker-Bootstrap-4" daemon [_thread_blocked, id=12672, stack(0x000000001f0f0000,0x000000001f1f0000)]
  0x000000001e72b800 JavaThread "Worker-Bootstrap-3" daemon [_thread_blocked, id=13032, stack(0x000000001eff0000,0x000000001f0f0000)]
  0x000000001e8ae800 JavaThread "Worker-Bootstrap-2" daemon [_thread_blocked, id=2712, stack(0x000000001de80000,0x000000001df80000)]
  0x000000001e8ad800 JavaThread "Worker-Bootstrap-1" daemon [_thread_blocked, id=12660, stack(0x000000001c930000,0x000000001ca30000)]
  0x00000000196e6800 JavaThread "Service Thread" daemon [_thread_blocked, id=9232, stack(0x000000001a020000,0x000000001a120000)]
  0x0000000019657000 JavaThread "C1 CompilerThread3" daemon [_thread_blocked, id=5892, stack(0x0000000019f20000,0x000000001a020000)]
=>0x000000001964f800 JavaThread "C2 CompilerThread2" daemon [_thread_in_native, id=12436, stack(0x0000000019e20000,0x0000000019f20000)]
  0x000000001964a800 JavaThread "C2 CompilerThread1" daemon [_thread_in_native, id=2428, stack(0x0000000019d20000,0x0000000019e20000)]
  0x0000000019647000 JavaThread "C2 CompilerThread0" daemon [_thread_in_native, id=9828, stack(0x0000000019c20000,0x0000000019d20000)]
  0x0000000019644000 JavaThread "Attach Listener" daemon [_thread_blocked, id=4212, stack(0x0000000019b20000,0x0000000019c20000)]
  0x000000001765d000 JavaThread "Signal Dispatcher" daemon [_thread_blocked, id=1736, stack(0x0000000019a20000,0x0000000019b20000)]
  0x00000000025d9000 JavaThread "Finalizer" daemon [_thread_blocked, id=1716, stack(0x0000000019520000,0x0000000019620000)]
  0x00000000025d2000 JavaThread "Reference Handler" daemon [_thread_blocked, id=9160, stack(0x0000000019420000,0x0000000019520000)]

Other Threads:
  0x0000000017649000 VMThread [stack: 0x0000000019320000,0x0000000019420000] [id=12888]
  0x00000000196e8800 WatcherThread [stack: 0x000000001a120000,0x000000001a220000] [id=4608]

VM state:not at safepoint (normal execution)

VM Mutex/Monitor currently owned by a thread: None

Heap:
 PSYoungGen      total 664576K, used 346677K [0x00000000d5580000, 0x0000000100000000, 0x0000000100000000)
  eden space 628224K, 54% used [0x00000000d5580000,0x00000000ea47d6d8,0x00000000fbb00000)
  from space 36352K, 10% used [0x00000000fdc80000,0x00000000fe010000,0x0000000100000000)
  to   space 34304K, 0% used [0x00000000fbb00000,0x00000000fbb00000,0x00000000fdc80000)
 ParOldGen       total 1398272K, used 220039K [0x0000000080000000, 0x00000000d5580000, 0x00000000d5580000)
  object space 1398272K, 15% used [0x0000000080000000,0x000000008d6e1e18,0x00000000d5580000)
 Metaspace       used 55244K, capacity 62386K, committed 62592K, reserved 1101824K
  class space    used 8473K, capacity 10315K, committed 10368K, reserved 1048576K

Card table byte_map: [0x00000000119a0000,0x0000000011db0000] byte_map_base: 0x00000000115a0000

Marking Bits: (ParMarkBitMap*) 0x0000000064ec4040
 Begin Bits: [0x0000000012860000, 0x0000000014860000)
 End Bits:   [0x0000000014860000, 0x0000000016860000)

Polling page: 0x0000000000600000

CodeCache: size=245760Kb used=28653Kb max_used=28653Kb free=217106Kb
 bounds [0x00000000025e0000, 0x0000000004210000, 0x00000000115e0000]
 total_blobs=10058 nmethods=9199 adapters=768
 compilation: enabled

Compilation events (10 events):
Event: 45.587 Thread 0x0000000019657000 nmethod 12181 0x00000000041bc390 code [0x00000000041bc4e0, 0x00000000041bc630]
Event: 45.591 Thread 0x0000000019647000 nmethod 12060 0x00000000041c1850 code [0x00000000041c1c00, 0x00000000041c4108]
Event: 45.591 Thread 0x0000000019647000 12162       4       aae::a (200 bytes)
Event: 45.597 Thread 0x0000000019657000 12183       3       ceg$a::a (15 bytes)
Event: 45.597 Thread 0x0000000019657000 nmethod 12183 0x00000000041c1090 code [0x00000000041c1220, 0x00000000041c16d8]
Event: 45.598 Thread 0x0000000019657000 12184       3       byb::a (19 bytes)
Event: 45.598 Thread 0x0000000019657000 nmethod 12184 0x00000000041c0910 code [0x00000000041c0aa0, 0x00000000041c0e98]
Event: 45.598 Thread 0x0000000019657000 12185       3       cxb::c (50 bytes)
Event: 45.599 Thread 0x0000000019657000 nmethod 12185 0x00000000041c02d0 code [0x00000000041c0440, 0x00000000041c07b0]
Event: 45.600 Thread 0x0000000019657000 12186       3       aqm::k (831 bytes)

GC Heap History (10 events):
Event: 40.741 GC heap before
{Heap before GC invocations=107 (full 3):
 PSYoungGen      total 651264K, used 607040K [0x00000000d5580000, 0x0000000100000000, 0x0000000100000000)
  eden space 605184K, 100% used [0x00000000d5580000,0x00000000fa480000,0x00000000fa480000)
  from space 46080K, 4% used [0x00000000fa480000,0x00000000fa650000,0x00000000fd180000)
  to   space 44544K, 0% used [0x00000000fd480000,0x00000000fd480000,0x0000000100000000)
 ParOldGen       total 1398272K, used 220031K [0x0000000080000000, 0x00000000d5580000, 0x00000000d5580000)
  object space 1398272K, 15% used [0x0000000080000000,0x000000008d6dfe18,0x00000000d5580000)
 Metaspace       used 52424K, capacity 59176K, committed 59392K, reserved 1099776K
  class space    used 7999K, capacity 9696K, committed 9728K, reserved 1048576K
Event: 40.746 GC heap after
Heap after GC invocations=107 (full 3):
 PSYoungGen      total 656384K, used 2112K [0x00000000d5580000, 0x0000000100000000, 0x0000000100000000)
  eden space 611840K, 0% used [0x00000000d5580000,0x00000000d5580000,0x00000000fab00000)
  from space 44544K, 4% used [0x00000000fd480000,0x00000000fd690000,0x0000000100000000)
  to   space 42496K, 0% used [0x00000000fab00000,0x00000000fab00000,0x00000000fd480000)
 ParOldGen       total 1398272K, used 220031K [0x0000000080000000, 0x00000000d5580000, 0x00000000d5580000)
  object space 1398272K, 15% used [0x0000000080000000,0x000000008d6dfe18,0x00000000d5580000)
 Metaspace       used 52424K, capacity 59176K, committed 59392K, reserved 1099776K
  class space    used 7999K, capacity 9696K, committed 9728K, reserved 1048576K
}
Event: 41.014 GC heap before
{Heap before GC invocations=108 (full 3):
 PSYoungGen      total 656384K, used 613952K [0x00000000d5580000, 0x0000000100000000, 0x0000000100000000)
  eden space 611840K, 100% used [0x00000000d5580000,0x00000000fab00000,0x00000000fab00000)
  from space 44544K, 4% used [0x00000000fd480000,0x00000000fd690000,0x0000000100000000)
  to   space 42496K, 0% used [0x00000000fab00000,0x00000000fab00000,0x00000000fd480000)
 ParOldGen       total 1398272K, used 220031K [0x0000000080000000, 0x00000000d5580000, 0x00000000d5580000)
  object space 1398272K, 15% used [0x0000000080000000,0x000000008d6dfe18,0x00000000d5580000)
 Metaspace       used 52434K, capacity 59180K, committed 59392K, reserved 1099776K
  class space    used 7999K, capacity 9696K, committed 9728K, reserved 1048576K
Event: 41.019 GC heap after
Heap after GC invocations=108 (full 3):
 PSYoungGen      total 654336K, used 2400K [0x00000000d5580000, 0x0000000100000000, 0x0000000100000000)
  eden space 611840K, 0% used [0x00000000d5580000,0x00000000d5580000,0x00000000fab00000)
  from space 42496K, 5% used [0x00000000fab00000,0x00000000fad58000,0x00000000fd480000)
  to   space 40448K, 0% used [0x00000000fd880000,0x00000000fd880000,0x0000000100000000)
 ParOldGen       total 1398272K, used 220031K [0x0000000080000000, 0x00000000d5580000, 0x00000000d5580000)
  object space 1398272K, 15% used [0x0000000080000000,0x000000008d6dfe18,0x00000000d5580000)
 Metaspace       used 52434K, capacity 59180K, committed 59392K, reserved 1099776K
  class space    used 7999K, capacity 9696K, committed 9728K, reserved 1048576K
}
Event: 41.297 GC heap before
{Heap before GC invocations=109 (full 3):
 PSYoungGen      total 654336K, used 614240K [0x00000000d5580000, 0x0000000100000000, 0x0000000100000000)
  eden space 611840K, 100% used [0x00000000d5580000,0x00000000fab00000,0x00000000fab00000)
  from space 42496K, 5% used [0x00000000fab00000,0x00000000fad58000,0x00000000fd480000)
  to   space 40448K, 0% used [0x00000000fd880000,0x00000000fd880000,0x0000000100000000)
 ParOldGen       total 1398272K, used 220031K [0x0000000080000000, 0x00000000d5580000, 0x00000000d5580000)
  object space 1398272K, 15% used [0x0000000080000000,0x000000008d6dfe18,0x00000000d5580000)
 Metaspace       used 52436K, capacity 59180K, committed 59392K, reserved 1099776K
  class space    used 7999K, capacity 9696K, committed 9728K, reserved 1048576K
Event: 41.303 GC heap after
Heap after GC invocations=109 (full 3):
 PSYoungGen      total 660480K, used 2784K [0x00000000d5580000, 0x0000000100000000, 0x0000000100000000)
  eden space 620032K, 0% used [0x00000000d5580000,0x00000000d5580000,0x00000000fb300000)
  from space 40448K, 6% used [0x00000000fd880000,0x00000000fdb38000,0x0000000100000000)
  to   space 38400K, 0% used [0x00000000fb300000,0x00000000fb300000,0x00000000fd880000)
 ParOldGen       total 1398272K, used 220031K [0x0000000080000000, 0x00000000d5580000, 0x00000000d5580000)
  object space 1398272K, 15% used [0x0000000080000000,0x000000008d6dfe18,0x00000000d5580000)
 Metaspace       used 52436K, capacity 59180K, committed 59392K, reserved 1099776K
  class space    used 7999K, capacity 9696K, committed 9728K, reserved 1048576K
}
Event: 41.740 GC heap before
{Heap before GC invocations=110 (full 3):
 PSYoungGen      total 660480K, used 622816K [0x00000000d5580000, 0x0000000100000000, 0x0000000100000000)
  eden space 620032K, 100% used [0x00000000d5580000,0x00000000fb300000,0x00000000fb300000)
  from space 40448K, 6% used [0x00000000fd880000,0x00000000fdb38000,0x0000000100000000)
  to   space 38400K, 0% used [0x00000000fb300000,0x00000000fb300000,0x00000000fd880000)
 ParOldGen       total 1398272K, used 220031K [0x0000000080000000, 0x00000000d5580000, 0x00000000d5580000)
  object space 1398272K, 15% used [0x0000000080000000,0x000000008d6dfe18,0x00000000d5580000)
 Metaspace       used 52450K, capacity 59180K, committed 59392K, reserved 1099776K
  class space    used 7999K, capacity 9696K, committed 9728K, reserved 1048576K
Event: 41.745 GC heap after
Heap after GC invocations=110 (full 3):
 PSYoungGen      total 658432K, used 3136K [0x00000000d5580000, 0x0000000100000000, 0x0000000100000000)
  eden space 620032K, 0% used [0x00000000d5580000,0x00000000d5580000,0x00000000fb300000)
  from space 38400K, 8% used [0x00000000fb300000,0x00000000fb610000,0x00000000fd880000)
  to   space 36352K, 0% used [0x00000000fdc80000,0x00000000fdc80000,0x0000000100000000)
 ParOldGen       total 1398272K, used 220039K [0x0000000080000000, 0x00000000d5580000, 0x00000000d5580000)
  object space 1398272K, 15% used [0x0000000080000000,0x000000008d6e1e18,0x00000000d5580000)
 Metaspace       used 52450K, capacity 59180K, committed 59392K, reserved 1099776K
  class space    used 7999K, capacity 9696K, committed 9728K, reserved 1048576K
}
Event: 42.061 GC heap before
{Heap before GC invocations=111 (full 3):
 PSYoungGen      total 658432K, used 623168K [0x00000000d5580000, 0x0000000100000000, 0x0000000100000000)
  eden space 620032K, 100% used [0x00000000d5580000,0x00000000fb300000,0x00000000fb300000)
  from space 38400K, 8% used [0x00000000fb300000,0x00000000fb610000,0x00000000fd880000)
  to   space 36352K, 0% used [0x00000000fdc80000,0x00000000fdc80000,0x0000000100000000)
 ParOldGen       total 1398272K, used 220039K [0x0000000080000000, 0x00000000d5580000, 0x00000000d5580000)
  object space 1398272K, 15% used [0x0000000080000000,0x000000008d6e1e18,0x00000000d5580000)
 Metaspace       used 52475K, capacity 59262K, committed 59392K, reserved 1099776K
  class space    used 7999K, capacity 9697K, committed 9728K, reserved 1048576K
Event: 42.066 GC heap after
Heap after GC invocations=111 (full 3):
 PSYoungGen      total 664576K, used 3648K [0x00000000d5580000, 0x0000000100000000, 0x0000000100000000)
  eden space 628224K, 0% used [0x00000000d5580000,0x00000000d5580000,0x00000000fbb00000)
  from space 36352K, 10% used [0x00000000fdc80000,0x00000000fe010000,0x0000000100000000)
  to   space 34304K, 0% used [0x00000000fbb00000,0x00000000fbb00000,0x00000000fdc80000)
 ParOldGen       total 1398272K, used 220039K [0x0000000080000000, 0x00000000d5580000, 0x00000000d5580000)
  object space 1398272K, 15% used [0x0000000080000000,0x000000008d6e1e18,0x00000000d5580000)
 Metaspace       used 52475K, capacity 59262K, committed 59392K, reserved 1099776K
  class space    used 7999K, capacity 9697K, committed 9728K, reserved 1048576K
}

Deoptimization events (10 events):
Event: 45.542 Thread 0x000000001e3d4800 Uncommon trap: reason=class_check action=maybe_recompile pc=0x0000000003f9bb98 method=cgh.a(Laqa;Ldci;Ljava/util/List;Ljava/util/function/Predicate;)V @ 151
Event: 45.542 Thread 0x000000001e3d4800 Uncommon trap: reason=unstable_if action=reinterpret pc=0x0000000003ef7584 method=dcr.h(ZZ)Z @ 5
Event: 45.545 Thread 0x000000001e3d4800 Uncommon trap: reason=unstable_if action=reinterpret pc=0x0000000003ddbd44 method=dde.c(Lddh;Lddh;Ldcr;)Z @ 165
Event: 45.558 Thread 0x000000001e3d4800 Uncommon trap: reason=unstable_if action=reinterpret pc=0x00000000040a75e4 method=zs$b.a(Loj;)V @ 16
Event: 45.559 Thread 0x000000001e3d4800 Uncommon trap: reason=unstable_if action=reinterpret pc=0x0000000003abed5c method=bro.a(DDDDLjava/util/function/Predicate;)Lbfw; @ 28
Event: 45.559 Thread 0x000000001e3d4800 Uncommon trap: reason=class_check action=maybe_recompile pc=0x0000000003ad7fec method=bro.a(Ljava/util/List;Lazg;Laqm;DDD)Laqm; @ 33
Event: 45.560 Thread 0x000000001e3d4800 Uncommon trap: reason=class_check action=maybe_recompile pc=0x000000000284f420 method=bro.a(Ljava/util/List;Lazg;Laqm;DDD)Laqm; @ 33
Event: 45.576 Thread 0x000000001e3d4800 Uncommon trap: reason=unstable_if action=reinterpret pc=0x0000000003ac051c method=aag.a(Laqa;)V @ 4
Event: 45.600 Thread 0x000000001e3d4800 Uncommon trap: reason=unstable_if action=reinterpret pc=0x0000000003ded224 method=ceg$c.c(Lceh;Lbrc;Lfx;)Z @ 16
Event: 45.600 Thread 0x000000001e3d4800 Uncommon trap: reason=unstable_if action=reinterpret pc=0x0000000003decdcc method=ceg$c.c(Lceh;Lbrc;Lfx;)Z @ 16

Internal exceptions (10 events):
Event: 35.578 Thread 0x000000001e3d4800 Exception <a 'java/lang/NoSuchMethodError': java.lang.Object.lambda$minBy$23(Ljava/util/Comparator;Ljava/lang/Object;Ljava/lang/Object;)Ljava/lang/Object;> (0x00000000da9be470) thrown at [C:\re\workspace\8-2-build-windows-amd64-cygwin\jdk8u45\3457\hotspot\†(C(ÏA@
Event: 35.618 Thread 0x000000001e3d4800 Exception <a 'java/lang/NoSuchMethodError': java.lang.Object.b(Laqa;)Z> (0x00000000df421278) thrown at [C:\re\workspace\8-2-build-windows-amd64-cygwin\jdk8u45\3457\hotspot\src\share\vm\interpreter\linkResolver.cpp, line 582]
Event: 38.204 Thread 0x000000001e3d4800 Implicit null exception at 0x0000000003e11dac to 0x0000000003e11f45
Event: 45.157 Thread 0x000000001d7c1000 Exception <a 'java/lang/NoSuchMethodError': java.lang.Object.lambda$curry7$13(Ljava/lang/Object;Ljava/lang/Object;Ljava/lang/Object;Ljava/lang/Object;Ljava/lang/Object;Ljava/lang/Object;Ljava/lang/Object;)Lcom/mojang/datafixers/util/Function7;> (0x00000000ÒòM”F@
Event: 45.159 Thread 0x000000001d7c1000 Exception <a 'java/lang/NoSuchMethodError': java.lang.Object.lambda$null$12(Ljava/lang/Object;Ljava/lang/Object;Ljava/lang/Object;Ljava/lang/Object;Ljava/lang/Object;Ljava/lang/Object;Ljava/lang/Object;Ljava/lang/Object;Ljava/lang/Object;Ljava/lang/Object;Š©zC¿F@
Event: 45.494 Thread 0x000000001e3d4800 Exception <a 'java/lang/NoSuchMethodError': java.lang.Object.d(Laqa;)Z> (0x00000000e9c00010) thrown at [C:\re\workspace\8-2-build-windows-amd64-cygwin\jdk8u45\3457\hotspot\src\share\vm\interpreter\linkResolver.cpp, line 582]
Event: 45.495 Thread 0x000000001e3d4800 Implicit null exception at 0x0000000003a97d9a to 0x0000000003a98449
Event: 45.497 Thread 0x000000001e3d4800 Exception <a 'java/lang/IncompatibleClassChangeError': Found class java.lang.Object, but interface was expected> (0x00000000e9c0f260) thrown at [C:\re\workspace\8-2-build-windows-amd64-cygwin\jdk8u45\3457\hotspot\src\share\vm\interpreter\linkResolver.cpp, SV÷#ÌF@
Event: 45.595 Thread 0x000000001e3d4800 Exception <a 'java/lang/NoSuchMethodError': java.lang.Object.a(Lbrf;Lfx;)Ldcj;> (0x00000000ea0ff1a8) thrown at [C:\re\workspace\8-2-build-windows-amd64-cygwin\jdk8u45\3457\hotspot\src\share\vm\interpreter\linkResolver.cpp, line 582]
Event: 45.595 Thread 0x000000001e3d4800 Exception <a 'java/lang/NoSuchMethodError': java.lang.Object.b(Lbrf;)Ldcj;> (0x00000000ea102790) thrown at [C:\re\workspace\8-2-build-windows-amd64-cygwin\jdk8u45\3457\hotspot\src\share\vm\interpreter\linkResolver.cpp, line 582]

Events (10 events):
Event: 45.595 loading class brf
Event: 45.595 loading class brf done
Event: 45.596 loading class dcl$a
Event: 45.596 loading class dcl$a done
Event: 45.600 Thread 0x000000001e3d4800 Uncommon trap: trap_request=0xffffff65 fr.pc=0x0000000003ded224
Event: 45.600 Thread 0x000000001e3d4800 DEOPT PACKING pc=0x0000000003ded224 sp=0x00000000219fea20
Event: 45.600 Thread 0x000000001e3d4800 DEOPT UNPACKING pc=0x000000000262582a sp=0x00000000219fe818 mode 2
Event: 45.600 Thread 0x000000001e3d4800 Uncommon trap: trap_request=0xffffff65 fr.pc=0x0000000003decdcc
Event: 45.600 Thread 0x000000001e3d4800 DEOPT PACKING pc=0x0000000003decdcc sp=0x00000000219fe940
Event: 45.600 Thread 0x000000001e3d4800 DEOPT UNPACKING pc=0x000000000262582a sp=0x00000000219fe868 mode 2


Dynamic libraries:
0x00007ff7ce700000 - 0x00007ff7ce737000 	C:\ProgramData\Oracle\Java\javapath\java.exe
0x00007ffc9a070000 - 0x00007ffc9a266000 	C:\WINDOWS\SYSTEM32\ntdll.dll
0x00007ffc99bc0000 - 0x00007ffc99c7d000 	C:\WINDOWS\System32\KERNEL32.DLL
0x00007ffc97930000 - 0x00007ffc97bf8000 	C:\WINDOWS\System32\KERNELBASE.dll
0x00007ffc99ab0000 - 0x00007ffc99b5c000 	C:\WINDOWS\System32\ADVAPI32.dll
0x00007ffc98200000 - 0x00007ffc9829e000 	C:\WINDOWS\System32\msvcrt.dll
0x00007ffc98880000 - 0x00007ffc9891b000 	C:\WINDOWS\System32\sechost.dll
0x00007ffc99ee0000 - 0x00007ffc9a004000 	C:\WINDOWS\System32\RPCRT4.dll
0x00007ffc986e0000 - 0x00007ffc98880000 	C:\WINDOWS\System32\USER32.dll
0x00007ffc97dd0000 - 0x00007ffc97df2000 	C:\WINDOWS\System32\win32u.dll
0x00007ffc98ac0000 - 0x00007ffc98aea000 	C:\WINDOWS\System32\GDI32.dll
0x00007ffc97e00000 - 0x00007ffc97f09000 	C:\WINDOWS\System32\gdi32full.dll
0x00007ffc97d30000 - 0x00007ffc97dcd000 	C:\WINDOWS\System32\msvcp_win.dll
0x00007ffc977b0000 - 0x00007ffc978b0000 	C:\WINDOWS\System32\ucrtbase.dll
0x00007ffc7c8a0000 - 0x00007ffc7cb3b000 	C:\WINDOWS\WinSxS\amd64_microsoft.windows.common-controls_6595b64144ccf1df_6.0.19041.488_none_ca04af081b815d21\COMCTL32.dll
0x00007ffc98a90000 - 0x00007ffc98ac0000 	C:\WINDOWS\System32\IMM32.DLL
0x00000000662b0000 - 0x0000000066382000 	C:\Program Files\Java\jre1.8.0_45\bin\msvcr100.dll
0x00000000646c0000 - 0x0000000064f43000 	C:\Program Files\Java\jre1.8.0_45\bin\server\jvm.dll
0x00007ffc98610000 - 0x00007ffc98618000 	C:\WINDOWS\System32\PSAPI.DLL
0x00007ffc86560000 - 0x00007ffc86569000 	C:\WINDOWS\SYSTEM32\WSOCK32.dll
0x00007ffc8a4b0000 - 0x00007ffc8a4ba000 	C:\WINDOWS\SYSTEM32\VERSION.dll
0x00007ffc870b0000 - 0x00007ffc870d7000 	C:\WINDOWS\SYSTEM32\WINMM.dll
0x00007ffc98da0000 - 0x00007ffc98e0b000 	C:\WINDOWS\System32\WS2_32.dll
0x00000000662a0000 - 0x00000000662af000 	C:\Program Files\Java\jre1.8.0_45\bin\verify.dll
0x0000000066270000 - 0x0000000066299000 	C:\Program Files\Java\jre1.8.0_45\bin\java.dll
0x00000000646a0000 - 0x00000000646b6000 	C:\Program Files\Java\jre1.8.0_45\bin\zip.dll
0x00007ffc99300000 - 0x00007ffc99a41000 	C:\WINDOWS\System32\SHELL32.dll
0x00007ffc95900000 - 0x00007ffc96095000 	C:\WINDOWS\SYSTEM32\windows.storage.dll
0x00007ffc982b0000 - 0x00007ffc98605000 	C:\WINDOWS\System32\combase.dll
0x00007ffc97220000 - 0x00007ffc9724c000 	C:\WINDOWS\SYSTEM32\Wldp.dll
0x00007ffc99e30000 - 0x00007ffc99ede000 	C:\WINDOWS\System32\SHCORE.dll
0x00007ffc99a50000 - 0x00007ffc99aa5000 	C:\WINDOWS\System32\shlwapi.dll
0x00007ffc976e0000 - 0x00007ffc97706000 	C:\WINDOWS\SYSTEM32\profapi.dll
0x0000000064690000 - 0x000000006469d000 	C:\Program Files\Java\jre1.8.0_45\bin\management.dll
0x0000000064670000 - 0x000000006468a000 	C:\Program Files\Java\jre1.8.0_45\bin\net.dll
0x00007ffc96fa0000 - 0x00007ffc9700a000 	C:\WINDOWS\system32\mswsock.dll
0x00007ffc75790000 - 0x00007ffc757a7000 	C:\WINDOWS\system32\napinsp.dll
0x00007ffc7b840000 - 0x00007ffc7b85b000 	C:\WINDOWS\system32\pnrpnsp.dll
0x00007ffc93270000 - 0x00007ffc9328d000 	C:\WINDOWS\system32\NLAapi.dll
0x00007ffc96c20000 - 0x00007ffc96c5b000 	C:\WINDOWS\SYSTEM32\IPHLPAPI.DLL
0x00007ffc96c60000 - 0x00007ffc96d2b000 	C:\WINDOWS\SYSTEM32\DNSAPI.dll
0x00007ffc982a0000 - 0x00007ffc982a8000 	C:\WINDOWS\System32\NSI.dll
0x00007ffc925e0000 - 0x00007ffc925f5000 	C:\WINDOWS\system32\wshbth.dll
0x00007ffc7bb00000 - 0x00007ffc7bb12000 	C:\WINDOWS\System32\winrnr.dll
0x00007ffc89cd0000 - 0x00007ffc89cda000 	C:\Windows\System32\rasadhlp.dll
0x00007ffc89a60000 - 0x00007ffc89adf000 	C:\WINDOWS\System32\fwpuclnt.dll
0x00007ffc97cb0000 - 0x00007ffc97cd7000 	C:\WINDOWS\System32\bcrypt.dll
0x0000000064650000 - 0x0000000064661000 	C:\Program Files\Java\jre1.8.0_45\bin\nio.dll
0x00007ffc97170000 - 0x00007ffc97188000 	C:\WINDOWS\SYSTEM32\CRYPTSP.dll
0x00007ffc96860000 - 0x00007ffc96894000 	C:\WINDOWS\system32\rsaenh.dll
0x00007ffc97660000 - 0x00007ffc9768e000 	C:\WINDOWS\SYSTEM32\USERENV.dll
0x00007ffc978b0000 - 0x00007ffc9792f000 	C:\WINDOWS\System32\bcryptprimitives.dll
0x00007ffc97190000 - 0x00007ffc9719c000 	C:\WINDOWS\SYSTEM32\CRYPTBASE.dll
0x00007ffc901c0000 - 0x00007ffc901d7000 	C:\WINDOWS\SYSTEM32\dhcpcsvc6.DLL
0x00007ffc901a0000 - 0x00007ffc901bd000 	C:\WINDOWS\SYSTEM32\dhcpcsvc.DLL
0x00007ffc85cd0000 - 0x00007ffc85eb4000 	C:\WINDOWS\SYSTEM32\dbghelp.dll

VM Arguments:
jvm_args: -Xmx2048M -Xms2048M 
java_command: server.jar nogui
java_class_path (initial): server.jar
Launcher Type: SUN_STANDARD

Environment Variables:
PATH=C:\ProgramData\Oracle\Java\javapath;C:\Program Files (x86)\Intel\Intel(R) Management Engine Components\iCLS\;C:\Program Files\Intel\Intel(R) Management Engine Components\iCLS\;C:\Windows\system32;C:\Windows;C:\Windows\System32\Wbem;C:\Windows\System32\WindowsPowerShell\v1.0\;C:\Windows\System32\OpenSSH\;C:\Program Files (x86)\Intel\Intel(R) Management Engine Components\DAL;C:\Program Files\Intel\Intel(R) Management Engine Components\DAL;C:\Program Files (x86)\Intel\Intel(R) Management Engine Components\IPT;C:\Program Files\Intel\Intel(R) Management Engine Components\IPT;C:\Program Files (x86)\NVIDIA Corporation\PhysX\Common;C:\WINDOWS\system32;C:\WINDOWS;C:\WINDOWS\System32\Wbem;C:\WINDOWS\System32\WindowsPowerShell\v1.0\;C:\WINDOWS\System32\OpenSSH\;D:\Program Files\Python\Scripts\;D:\Program Files\Python\;C:\Users\Siddharth\AppData\Local\Microsoft\WindowsApps;
USERNAME=Siddharth
OS=Windows_NT
PROCESSOR_IDENTIFIER=Intel64 Family 6 Model 158 Stepping 10, GenuineIntel



---------------  S Y S T E M  ---------------

OS: Windows 10.0 , 64 bit Build 19041 (10.0.19041.546)

CPU:total 8 (4 cores per cpu, 2 threads per core) family 6 model 158 stepping 10, cmov, cx8, fxsr, mmx, sse, sse2, sse3, ssse3, sse4.1, sse4.2, popcnt, avx, avx2, aes, clmul, erms, 3dnowpref, lzcnt, ht, tsc, tscinvbit, bmi1, bmi2, adx

Memory: 4k page, physical 8227124k(364812k free), swap 16500272k(4128k free)

vm_info: Java HotSpot(TM) 64-Bit Server VM (25.45-b02) for windows-amd64 JRE (1.8.0_45-b14), built on Apr 10 2015 10:34:15 by "java_re" with MS VC++ 10.0 (VS2010)

time: Fri Nov 20 15:23:55 2020
elapsed time: 45 seconds (0d 0h 0m 45s)

