#
# There is insufficient memory for the Java Runtime Environment to continue.
# Native memory allocation (malloc) failed to allocate 1349616 bytes for Chunk::new
# Possible reasons:
#   The system is out of physical RAM or swap space
#   In 32 bit mode, the process size limit was hit
# Possible solutions:
#   Reduce memory load on the system
#   Increase physical memory or swap space
#   Check if swap backing store is full
#   Use 64 bit Java on a 64 bit OS
#   Decrease Java heap size (-Xmx/-Xms)
#   Decrease number of Java threads
#   Decrease Java thread stack sizes (-Xss)
#   Set larger code cache with -XX:ReservedCodeCacheSize=
# This output file may be truncated or incomplete.
#
#  Out of Memory Error (allocation.cpp:390), pid=1904, tid=6232
#
# JRE version: Java(TM) SE Runtime Environment (8.0_45-b14) (build 1.8.0_45-b14)
# Java VM: Java HotSpot(TM) 64-Bit Server VM (25.45-b02 mixed mode windows-amd64 compressed oops)
# Failed to write core dump. Minidumps are not enabled by default on client versions of Windows
#

---------------  T H R E A D  ---------------

Current thread (0x00000000195be000):  JavaThread "C2 CompilerThread1" daemon [_thread_in_native, id=6232, stack(0x0000000019c90000,0x0000000019d90000)]

Stack: [0x0000000019c90000,0x0000000019d90000]
Native frames: (J=compiled Java code, j=interpreted, Vv=VM code, C=native code)
V  [jvm.dll+0x32b57a]
V  [jvm.dll+0x279873]
V  [jvm.dll+0x27a509]
V  [jvm.dll+0x271825]
V  [jvm.dll+0xcb9e2]
V  [jvm.dll+0xcbeac]
V  [jvm.dll+0x476ef2]
V  [jvm.dll+0x4b955f]
V  [jvm.dll+0x46b92f]
V  [jvm.dll+0x46ccbe]
V  [jvm.dll+0x4500f2]
V  [jvm.dll+0xa4352]
V  [jvm.dll+0xa4c8f]
V  [jvm.dll+0x241984]
V  [jvm.dll+0x29853a]
C  [msvcr100.dll+0x21d9f]
C  [msvcr100.dll+0x21e3b]
C  [KERNEL32.DLL+0x17034]
C  [ntdll.dll+0x4cec1]


Current CompileTask:
C2:  49427 13519       4       aqa::g (438 bytes)


---------------  P R O C E S S  ---------------

Java Threads: ( => current thread )
  0x000000001d32f800 JavaThread "Worker-Main-20" daemon [_thread_blocked, id=2636, stack(0x0000000020990000,0x0000000020a90000)]
  0x000000001a408000 JavaThread "Worker-Main-19" daemon [_thread_blocked, id=716, stack(0x0000000020410000,0x0000000020510000)]
  0x000000001a40e000 JavaThread "Netty Server IO #2" daemon [_thread_in_native, id=2000, stack(0x0000000020310000,0x0000000020410000)]
  0x000000001a409800 JavaThread "Netty Server IO #1" daemon [_thread_in_native, id=14732, stack(0x000000001f230000,0x000000001f330000)]
  0x00000000195f4800 JavaThread "Server Watchdog" daemon [_thread_blocked, id=9232, stack(0x0000000000700000,0x0000000000800000)]
  0x00000000195ee000 JavaThread "IO-Worker-18" [_thread_blocked, id=14936, stack(0x0000000022df0000,0x0000000022ef0000)]
  0x00000000195f4000 JavaThread "IO-Worker-17" [_thread_blocked, id=15144, stack(0x0000000022cf0000,0x0000000022df0000)]
  0x00000000195f1800 JavaThread "IO-Worker-16" [_thread_blocked, id=1948, stack(0x0000000022bf0000,0x0000000022cf0000)]
  0x00000000195ee800 JavaThread "Worker-Main-15" daemon [_thread_blocked, id=808, stack(0x0000000022af0000,0x0000000022bf0000)]
  0x00000000195f2800 JavaThread "Netty Server IO #0" daemon [_thread_in_native, id=5128, stack(0x0000000022280000,0x0000000022380000)]
  0x00000000195f0000 JavaThread "ObjectCleanerThread" daemon [_thread_blocked, id=6212, stack(0x0000000020a90000,0x0000000020b90000)]
  0x00000000195f3000 JavaThread "Server console handler" daemon [_thread_in_native, id=8960, stack(0x00000000225f0000,0x00000000226f0000)]
  0x000000001a407800 JavaThread "DestroyJavaVM" [_thread_blocked, id=2424, stack(0x00000000022e0000,0x00000000023e0000)]
  0x000000001a40c000 JavaThread "Server thread" [_thread_in_vm, id=2632, stack(0x0000000022180000,0x0000000022280000)]
  0x000000001a40b000 JavaThread "Snooper Timer" daemon [_thread_blocked, id=14856, stack(0x0000000020e90000,0x0000000020f90000)]
  0x000000001a40a800 JavaThread "Worker-Main-14" daemon [_thread_blocked, id=14976, stack(0x0000000020d90000,0x0000000020e90000)]
  0x000000001a409000 JavaThread "Worker-Main-13" daemon [_thread_blocked, id=15128, stack(0x0000000020c90000,0x0000000020d90000)]
  0x000000001e461000 JavaThread "Worker-Main-9" daemon [_thread_blocked, id=9676, stack(0x0000000020890000,0x0000000020990000)]
  0x000000001e01a000 JavaThread "Worker-Main-8" daemon [_thread_blocked, id=10056, stack(0x0000000020790000,0x0000000020890000)]
  0x000000001bbef000 JavaThread "Timer hack thread" daemon [_thread_blocked, id=12712, stack(0x000000001d870000,0x000000001d970000)]
  0x000000001b66b800 JavaThread "Worker-Bootstrap-7" daemon [_thread_blocked, id=10612, stack(0x000000001f430000,0x000000001f530000)]
  0x000000001b66b000 JavaThread "Worker-Bootstrap-6" daemon [_thread_blocked, id=12136, stack(0x000000001f330000,0x000000001f430000)]
  0x000000001b667800 JavaThread "Worker-Bootstrap-4" daemon [_thread_blocked, id=13660, stack(0x000000001f130000,0x000000001f230000)]
  0x000000001de76800 JavaThread "Worker-Bootstrap-3" daemon [_thread_blocked, id=13240, stack(0x000000001f030000,0x000000001f130000)]
  0x000000001cb3c000 JavaThread "Worker-Bootstrap-2" daemon [_thread_blocked, id=4624, stack(0x000000001ef30000,0x000000001f030000)]
  0x0000000019658800 JavaThread "Service Thread" daemon [_thread_blocked, id=9812, stack(0x0000000019f90000,0x000000001a090000)]
  0x00000000195c8800 JavaThread "C1 CompilerThread3" daemon [_thread_blocked, id=4632, stack(0x0000000019e90000,0x0000000019f90000)]
  0x00000000195c1000 JavaThread "C2 CompilerThread2" daemon [_thread_in_native, id=11552, stack(0x0000000019d90000,0x0000000019e90000)]
=>0x00000000195be000 JavaThread "C2 CompilerThread1" daemon [_thread_in_native, id=6232, stack(0x0000000019c90000,0x0000000019d90000)]
  0x00000000195b6800 JavaThread "C2 CompilerThread0" daemon [_thread_blocked, id=9808, stack(0x0000000019b90000,0x0000000019c90000)]
  0x00000000175be800 JavaThread "Attach Listener" daemon [_thread_blocked, id=7920, stack(0x0000000019a90000,0x0000000019b90000)]
  0x00000000175bd000 JavaThread "Signal Dispatcher" daemon [_thread_blocked, id=12936, stack(0x0000000019990000,0x0000000019a90000)]
  0x000000000250a000 JavaThread "Finalizer" daemon [_thread_blocked, id=8956, stack(0x0000000019490000,0x0000000019590000)]
  0x0000000002503000 JavaThread "Reference Handler" daemon [_thread_blocked, id=6856, stack(0x0000000019390000,0x0000000019490000)]

Other Threads:
  0x00000000175a9800 VMThread [stack: 0x0000000019290000,0x0000000019390000] [id=7916]
  0x000000001965a800 WatcherThread [stack: 0x000000001a090000,0x000000001a190000] [id=2012]

VM state:not at safepoint (normal execution)

VM Mutex/Monitor currently owned by a thread: None

Heap:
 PSYoungGen      total 676352K, used 173940K [0x00000000d5580000, 0x0000000100000000, 0x0000000100000000)
  eden space 656896K, 24% used [0x00000000d5580000,0x00000000df0ee5b8,0x00000000fd700000)
  from space 19456K, 75% used [0x00000000fed00000,0x00000000ffb6ea98,0x0000000100000000)
  to   space 20992K, 0% used [0x00000000fd700000,0x00000000fd700000,0x00000000feb80000)
 ParOldGen       total 1398272K, used 220732K [0x0000000080000000, 0x00000000d5580000, 0x00000000d5580000)
  object space 1398272K, 15% used [0x0000000080000000,0x000000008d78f058,0x00000000d5580000)
 Metaspace       used 56190K, capacity 63612K, committed 63768K, reserved 1101824K
  class space    used 8552K, capacity 10432K, committed 10536K, reserved 1048576K

Card table byte_map: [0x00000000118d0000,0x0000000011ce0000] byte_map_base: 0x00000000114d0000

Marking Bits: (ParMarkBitMap*) 0x0000000064ec4040
 Begin Bits: [0x0000000012790000, 0x0000000014790000)
 End Bits:   [0x0000000014790000, 0x0000000016790000)

Polling page: 0x0000000000a90000

CodeCache: size=245760Kb used=33081Kb max_used=33098Kb free=212678Kb
 bounds [0x0000000002510000, 0x00000000045a0000, 0x0000000011510000]
 total_blobs=10901 nmethods=10042 adapters=768
 compilation: enabled

Compilation events (10 events):
Event: 49.237 Thread 0x00000000195c8800 nmethod 13516 0x0000000004571b10 code [0x0000000004571d40, 0x00000000045729c8]
Event: 49.276 Thread 0x00000000195be000 nmethod 13514 0x0000000004577050 code [0x0000000004577580, 0x000000000457aba0]
Event: 49.277 Thread 0x00000000195c1000 13517       4       buy::g (42 bytes)
Event: 49.278 Thread 0x00000000195c1000 nmethod 13517 0x000000000454e8d0 code [0x000000000454ea20, 0x000000000454eab8]
Event: 49.327 Thread 0x00000000195b6800 13518       4       nd$$Lambda$3793/655403113::run (24 bytes)
Event: 49.328 Thread 0x00000000195be000 13519       4       aqa::g (438 bytes)
Event: 49.328 Thread 0x00000000195c1000 13520       4       nd::a (49 bytes)
Event: 49.342 Thread 0x00000000195b6800 nmethod 13518 0x0000000004582490 code [0x00000000045826a0, 0x00000000045831e8]
Event: 49.343 Thread 0x00000000195c1000 nmethod 13520 0x0000000004584e50 code [0x0000000004585060, 0x0000000004585b08]
Event: 49.377 Thread 0x00000000195b6800 13521       4       cah::b (149 bytes)

GC Heap History (10 events):
Event: 37.326 GC heap before
{Heap before GC invocations=113 (full 3):
 PSYoungGen      total 675328K, used 656384K [0x00000000d5580000, 0x0000000100000000, 0x0000000100000000)
  eden space 652800K, 100% used [0x00000000d5580000,0x00000000fd300000,0x00000000fd300000)
  from space 22528K, 15% used [0x00000000fd300000,0x00000000fd680000,0x00000000fe900000)
  to   space 22016K, 0% used [0x00000000fea80000,0x00000000fea80000,0x0000000100000000)
 ParOldGen       total 1398272K, used 219188K [0x0000000080000000, 0x00000000d5580000, 0x00000000d5580000)
  object space 1398272K, 15% used [0x0000000080000000,0x000000008d60d058,0x00000000d5580000)
 Metaspace       used 52527K, capacity 59304K, committed 59416K, reserved 1099776K
  class space    used 8008K, capacity 9732K, committed 9768K, reserved 1048576K
Event: 37.334 GC heap after
Heap after GC invocations=113 (full 3):
 PSYoungGen      total 677376K, used 2976K [0x00000000d5580000, 0x0000000100000000, 0x0000000100000000)
  eden space 655360K, 0% used [0x00000000d5580000,0x00000000d5580000,0x00000000fd580000)
  from space 22016K, 13% used [0x00000000fea80000,0x00000000fed68000,0x0000000100000000)
  to   space 21504K, 0% used [0x00000000fd580000,0x00000000fd580000,0x00000000fea80000)
 ParOldGen       total 1398272K, used 220068K [0x0000000080000000, 0x00000000d5580000, 0x00000000d5580000)
  object space 1398272K, 15% used [0x0000000080000000,0x000000008d6e9058,0x00000000d5580000)
 Metaspace       used 52527K, capacity 59304K, committed 59416K, reserved 1099776K
  class space    used 8008K, capacity 9732K, committed 9768K, reserved 1048576K
}
Event: 37.668 GC heap before
{Heap before GC invocations=114 (full 3):
 PSYoungGen      total 677376K, used 658336K [0x00000000d5580000, 0x0000000100000000, 0x0000000100000000)
  eden space 655360K, 100% used [0x00000000d5580000,0x00000000fd580000,0x00000000fd580000)
  from space 22016K, 13% used [0x00000000fea80000,0x00000000fed68000,0x0000000100000000)
  to   space 21504K, 0% used [0x00000000fd580000,0x00000000fd580000,0x00000000fea80000)
 ParOldGen       total 1398272K, used 220068K [0x0000000080000000, 0x00000000d5580000, 0x00000000d5580000)
  object space 1398272K, 15% used [0x0000000080000000,0x000000008d6e9058,0x00000000d5580000)
 Metaspace       used 52528K, capacity 59304K, committed 59416K, reserved 1099776K
  class space    used 8008K, capacity 9732K, committed 9768K, reserved 1048576K
Event: 37.673 GC heap after
Heap after GC invocations=114 (full 3):
 PSYoungGen      total 676864K, used 3232K [0x00000000d5580000, 0x0000000100000000, 0x0000000100000000)
  eden space 655360K, 0% used [0x00000000d5580000,0x00000000d5580000,0x00000000fd580000)
  from space 21504K, 15% used [0x00000000fd580000,0x00000000fd8a8000,0x00000000fea80000)
  to   space 20992K, 0% used [0x00000000feb80000,0x00000000feb80000,0x0000000100000000)
 ParOldGen       total 1398272K, used 220204K [0x0000000080000000, 0x00000000d5580000, 0x00000000d5580000)
  object space 1398272K, 15% used [0x0000000080000000,0x000000008d70b058,0x00000000d5580000)
 Metaspace       used 52528K, capacity 59304K, committed 59416K, reserved 1099776K
  class space    used 8008K, capacity 9732K, committed 9768K, reserved 1048576K
}
Event: 37.977 GC heap before
{Heap before GC invocations=115 (full 3):
 PSYoungGen      total 676864K, used 658592K [0x00000000d5580000, 0x0000000100000000, 0x0000000100000000)
  eden space 655360K, 100% used [0x00000000d5580000,0x00000000fd580000,0x00000000fd580000)
  from space 21504K, 15% used [0x00000000fd580000,0x00000000fd8a8000,0x00000000fea80000)
  to   space 20992K, 0% used [0x00000000feb80000,0x00000000feb80000,0x0000000100000000)
 ParOldGen       total 1398272K, used 220204K [0x0000000080000000, 0x00000000d5580000, 0x00000000d5580000)
  object space 1398272K, 15% used [0x0000000080000000,0x000000008d70b058,0x00000000d5580000)
 Metaspace       used 52568K, capacity 59382K, committed 59416K, reserved 1099776K
  class space    used 8012K, capacity 9735K, committed 9768K, reserved 1048576K
Event: 37.982 GC heap after
Heap after GC invocations=115 (full 3):
 PSYoungGen      total 678400K, used 3552K [0x00000000d5580000, 0x0000000100000000, 0x0000000100000000)
  eden space 657408K, 0% used [0x00000000d5580000,0x00000000d5580000,0x00000000fd780000)
  from space 20992K, 16% used [0x00000000feb80000,0x00000000feef8000,0x0000000100000000)
  to   space 20480K, 0% used [0x00000000fd780000,0x00000000fd780000,0x00000000feb80000)
 ParOldGen       total 1398272K, used 220396K [0x0000000080000000, 0x00000000d5580000, 0x00000000d5580000)
  object space 1398272K, 15% used [0x0000000080000000,0x000000008d73b058,0x00000000d5580000)
 Metaspace       used 52568K, capacity 59382K, committed 59416K, reserved 1099776K
  class space    used 8012K, capacity 9735K, committed 9768K, reserved 1048576K
}
Event: 38.372 GC heap before
{Heap before GC invocations=116 (full 3):
 PSYoungGen      total 678400K, used 660960K [0x00000000d5580000, 0x0000000100000000, 0x0000000100000000)
  eden space 657408K, 100% used [0x00000000d5580000,0x00000000fd780000,0x00000000fd780000)
  from space 20992K, 16% used [0x00000000feb80000,0x00000000feef8000,0x0000000100000000)
  to   space 20480K, 0% used [0x00000000fd780000,0x00000000fd780000,0x00000000feb80000)
 ParOldGen       total 1398272K, used 220396K [0x0000000080000000, 0x00000000d5580000, 0x00000000d5580000)
  object space 1398272K, 15% used [0x0000000080000000,0x000000008d73b058,0x00000000d5580000)
 Metaspace       used 52573K, capacity 59382K, committed 59416K, reserved 1099776K
  class space    used 8012K, capacity 9735K, committed 9768K, reserved 1048576K
Event: 38.379 GC heap after
Heap after GC invocations=116 (full 3):
 PSYoungGen      total 677888K, used 3840K [0x00000000d5580000, 0x0000000100000000, 0x0000000100000000)
  eden space 657408K, 0% used [0x00000000d5580000,0x00000000d5580000,0x00000000fd780000)
  from space 20480K, 18% used [0x00000000fd780000,0x00000000fdb40000,0x00000000feb80000)
  to   space 19456K, 0% used [0x00000000fed00000,0x00000000fed00000,0x0000000100000000)
 ParOldGen       total 1398272K, used 220564K [0x0000000080000000, 0x00000000d5580000, 0x00000000d5580000)
  object space 1398272K, 15% used [0x0000000080000000,0x000000008d765058,0x00000000d5580000)
 Metaspace       used 52573K, capacity 59382K, committed 59416K, reserved 1099776K
  class space    used 8012K, capacity 9735K, committed 9768K, reserved 1048576K
}
Event: 46.343 GC heap before
{Heap before GC invocations=117 (full 3):
 PSYoungGen      total 677888K, used 661248K [0x00000000d5580000, 0x0000000100000000, 0x0000000100000000)
  eden space 657408K, 100% used [0x00000000d5580000,0x00000000fd780000,0x00000000fd780000)
  from space 20480K, 18% used [0x00000000fd780000,0x00000000fdb40000,0x00000000feb80000)
  to   space 19456K, 0% used [0x00000000fed00000,0x00000000fed00000,0x0000000100000000)
 ParOldGen       total 1398272K, used 220564K [0x0000000080000000, 0x00000000d5580000, 0x00000000d5580000)
  object space 1398272K, 15% used [0x0000000080000000,0x000000008d765058,0x00000000d5580000)
 Metaspace       used 56024K, capacity 63440K, committed 63768K, reserved 1101824K
  class space    used 8531K, capacity 10424K, committed 10536K, reserved 1048576K
Event: 46.364 GC heap after
Heap after GC invocations=117 (full 3):
 PSYoungGen      total 676352K, used 14778K [0x00000000d5580000, 0x0000000100000000, 0x0000000100000000)
  eden space 656896K, 0% used [0x00000000d5580000,0x00000000d5580000,0x00000000fd700000)
  from space 19456K, 75% used [0x00000000fed00000,0x00000000ffb6ea98,0x0000000100000000)
  to   space 20992K, 0% used [0x00000000fd700000,0x00000000fd700000,0x00000000feb80000)
 ParOldGen       total 1398272K, used 220732K [0x0000000080000000, 0x00000000d5580000, 0x00000000d5580000)
  object space 1398272K, 15% used [0x0000000080000000,0x000000008d78f058,0x00000000d5580000)
 Metaspace       used 56024K, capacity 63440K, committed 63768K, reserved 1101824K
  class space    used 8531K, capacity 10424K, committed 10536K, reserved 1048576K
}

Deoptimization events (10 events):
Event: 48.007 Thread 0x000000001a40e000 Uncommon trap: reason=array_check action=maybe_recompile pc=0x0000000004403e38 method=java.util.Arrays.fill([Ljava/lang/Object;IILjava/lang/Object;)V @ 20
Event: 48.035 Thread 0x000000001a40c000 Uncommon trap: reason=bimorphic action=maybe_recompile pc=0x00000000042d9928 method=dde.a(Ldci;Lbrz;DLdcs;Lfv;Ljava/util/stream/Stream;)D @ 50
Event: 48.064 Thread 0x000000001a40e000 Uncommon trap: reason=array_check action=maybe_recompile pc=0x0000000004403e38 method=java.util.Arrays.fill([Ljava/lang/Object;IILjava/lang/Object;)V @ 20
Event: 48.928 Thread 0x000000001a40c000 Uncommon trap: reason=unstable_if action=reinterpret pc=0x000000000402b0b0 method=cxj.a(Lceh;)Z @ 17
Event: 48.981 Thread 0x000000001a40c000 Uncommon trap: reason=unstable_if action=reinterpret pc=0x0000000003eea16c method=cxj.a(Lceh;)Z @ 17
Event: 49.328 Thread 0x000000001a40c000 Uncommon trap: reason=predicate action=maybe_recompile pc=0x0000000003dadc7c method=awj.m()Z @ 58
Event: 49.332 Thread 0x000000001a40c000 Uncommon trap: reason=class_check action=maybe_recompile pc=0x0000000004401b3c method=azg.a(Laqm;Laqm;)Z @ 76
Event: 49.382 Thread 0x000000001a40c000 Uncommon trap: reason=unstable_if action=reinterpret pc=0x0000000003a6f328 method=avp.a()Z @ 7
Event: 49.382 Thread 0x000000001a40c000 Uncommon trap: reason=unstable_if action=reinterpret pc=0x00000000040e48b0 method=ayi.a()Z @ 14
Event: 49.382 Thread 0x000000001a40c000 Uncommon trap: reason=bimorphic action=maybe_recompile pc=0x0000000004323748 method=aqm.g(Ldcn;)V @ 82

Internal exceptions (10 events):
Event: 42.436 Thread 0x000000001a40c000 Implicit null exception at 0x0000000002ba0c7a to 0x0000000002ba132d
Event: 42.440 Thread 0x000000001a40c000 Exception <a 'java/lang/IncompatibleClassChangeError': Found class java.lang.Object, but interface was expected> (0x00000000e9d10580) thrown at [C:\re\workspace\8-2-build-windows-amd64-cygwin\jdk8u45\3457\hotspot\src\share\vm\interpreter\linkResolver.cpp, ¬ú´RHE@
Event: 42.565 Thread 0x000000001a40c000 Exception <a 'java/lang/NoSuchMethodError': java.lang.Object.a(Lbrf;Lfx;)Ldcj;> (0x00000000ea09ce60) thrown at [C:\re\workspace\8-2-build-windows-amd64-cygwin\jdk8u45\3457\hotspot\src\share\vm\interpreter\linkResolver.cpp, line 582]
Event: 42.565 Thread 0x000000001a40c000 Exception <a 'java/lang/NoSuchMethodError': java.lang.Object.b(Lbrf;)Ldcj;> (0x00000000ea0a0448) thrown at [C:\re\workspace\8-2-build-windows-amd64-cygwin\jdk8u45\3457\hotspot\src\share\vm\interpreter\linkResolver.cpp, line 582]
Event: 43.316 Thread 0x000000001a40c000 Implicit null exception at 0x00000000039e25a0 to 0x00000000039e270e
Event: 44.021 Thread 0x000000001d32f800 Implicit null exception at 0x0000000002d4cb36 to 0x0000000002d4da51
Event: 44.058 Thread 0x000000001a40c000 Implicit null exception at 0x0000000003c4f050 to 0x0000000003c4f06b
Event: 44.080 Thread 0x000000001a40a800 Implicit null exception at 0x0000000002ec9a34 to 0x0000000002ec9d2d
Event: 46.151 Thread 0x00000000195ee000 Exception <a 'sun/nio/fs/WindowsException'> (0x00000000fb76fa90) thrown at [C:\re\workspace\8-2-build-windows-amd64-cygwin\jdk8u45\3457\hotspot\src\share\vm\prims\jni.cpp, line 709]
Event: 47.459 Thread 0x000000001a40c000 Exception <a 'java/lang/NoSuchMethodError': java.lang.Object.a(Ljava/util/function/Consumer;Ljava/util/function/BiFunction;Lcyv;Lbmb;)V> (0x00000000d9130588) thrown at [C:\re\workspace\8-2-build-windows-amd64-cygwin\jdk8u45\3457\hotspot\src\share\vm\interp

Events (10 events):
Event: 49.332 Thread 0x000000001a40c000 DEOPT UNPACKING pc=0x000000000255582a sp=0x000000002227e5d8 mode 2
Event: 49.382 Thread 0x000000001a40c000 Uncommon trap: trap_request=0xffffff65 fr.pc=0x0000000003a6f328
Event: 49.382 Thread 0x000000001a40c000 DEOPT PACKING pc=0x0000000003a6f328 sp=0x000000002227e6a0
Event: 49.382 Thread 0x000000001a40c000 DEOPT UNPACKING pc=0x000000000255582a sp=0x000000002227e650 mode 2
Event: 49.382 Thread 0x000000001a40c000 Uncommon trap: trap_request=0xffffff65 fr.pc=0x00000000040e48b0
Event: 49.382 Thread 0x000000001a40c000 DEOPT PACKING pc=0x00000000040e48b0 sp=0x000000002227e980
Event: 49.382 Thread 0x000000001a40c000 DEOPT UNPACKING pc=0x000000000255582a sp=0x000000002227e920 mode 2
Event: 49.382 Thread 0x000000001a40c000 Uncommon trap: trap_request=0xffffffc6 fr.pc=0x0000000004323748
Event: 49.382 Thread 0x000000001a40c000 DEOPT PACKING pc=0x0000000004323748 sp=0x000000002227e9e0
Event: 49.383 Thread 0x000000001a40c000 DEOPT UNPACKING pc=0x000000000255582a sp=0x000000002227e940 mode 2


Dynamic libraries:
0x00007ff7ce700000 - 0x00007ff7ce737000 	C:\ProgramData\Oracle\Java\javapath\java.exe
0x00007ffc9a070000 - 0x00007ffc9a266000 	C:\WINDOWS\SYSTEM32\ntdll.dll
0x00007ffc99bc0000 - 0x00007ffc99c7d000 	C:\WINDOWS\System32\KERNEL32.DLL
0x00007ffc97930000 - 0x00007ffc97bf8000 	C:\WINDOWS\System32\KERNELBASE.dll
0x00007ffc99ab0000 - 0x00007ffc99b5c000 	C:\WINDOWS\System32\ADVAPI32.dll
0x00007ffc98200000 - 0x00007ffc9829e000 	C:\WINDOWS\System32\msvcrt.dll
0x00007ffc98880000 - 0x00007ffc9891b000 	C:\WINDOWS\System32\sechost.dll
0x00007ffc99ee0000 - 0x00007ffc9a004000 	C:\WINDOWS\System32\RPCRT4.dll
0x00007ffc986e0000 - 0x00007ffc98880000 	C:\WINDOWS\System32\USER32.dll
0x00007ffc97dd0000 - 0x00007ffc97df2000 	C:\WINDOWS\System32\win32u.dll
0x00007ffc98ac0000 - 0x00007ffc98aea000 	C:\WINDOWS\System32\GDI32.dll
0x00007ffc97e00000 - 0x00007ffc97f09000 	C:\WINDOWS\System32\gdi32full.dll
0x00007ffc97d30000 - 0x00007ffc97dcd000 	C:\WINDOWS\System32\msvcp_win.dll
0x00007ffc977b0000 - 0x00007ffc978b0000 	C:\WINDOWS\System32\ucrtbase.dll
0x00007ffc7c8a0000 - 0x00007ffc7cb3b000 	C:\WINDOWS\WinSxS\amd64_microsoft.windows.common-controls_6595b64144ccf1df_6.0.19041.488_none_ca04af081b815d21\COMCTL32.dll
0x00007ffc98a90000 - 0x00007ffc98ac0000 	C:\WINDOWS\System32\IMM32.DLL
0x00000000662b0000 - 0x0000000066382000 	C:\Program Files\Java\jre1.8.0_45\bin\msvcr100.dll
0x00000000646c0000 - 0x0000000064f43000 	C:\Program Files\Java\jre1.8.0_45\bin\server\jvm.dll
0x00007ffc98610000 - 0x00007ffc98618000 	C:\WINDOWS\System32\PSAPI.DLL
0x00007ffc8a4b0000 - 0x00007ffc8a4ba000 	C:\WINDOWS\SYSTEM32\VERSION.dll
0x00007ffc86560000 - 0x00007ffc86569000 	C:\WINDOWS\SYSTEM32\WSOCK32.dll
0x00007ffc870b0000 - 0x00007ffc870d7000 	C:\WINDOWS\SYSTEM32\WINMM.dll
0x00007ffc98da0000 - 0x00007ffc98e0b000 	C:\WINDOWS\System32\WS2_32.dll
0x00000000662a0000 - 0x00000000662af000 	C:\Program Files\Java\jre1.8.0_45\bin\verify.dll
0x0000000066270000 - 0x0000000066299000 	C:\Program Files\Java\jre1.8.0_45\bin\java.dll
0x00000000646a0000 - 0x00000000646b6000 	C:\Program Files\Java\jre1.8.0_45\bin\zip.dll
0x00007ffc99300000 - 0x00007ffc99a41000 	C:\WINDOWS\System32\SHELL32.dll
0x00007ffc95900000 - 0x00007ffc96095000 	C:\WINDOWS\SYSTEM32\windows.storage.dll
0x00007ffc982b0000 - 0x00007ffc98605000 	C:\WINDOWS\System32\combase.dll
0x00007ffc97220000 - 0x00007ffc9724c000 	C:\WINDOWS\SYSTEM32\Wldp.dll
0x00007ffc99e30000 - 0x00007ffc99ede000 	C:\WINDOWS\System32\SHCORE.dll
0x00007ffc99a50000 - 0x00007ffc99aa5000 	C:\WINDOWS\System32\shlwapi.dll
0x00007ffc976e0000 - 0x00007ffc97706000 	C:\WINDOWS\SYSTEM32\profapi.dll
0x0000000064690000 - 0x000000006469d000 	C:\Program Files\Java\jre1.8.0_45\bin\management.dll
0x0000000064670000 - 0x000000006468a000 	C:\Program Files\Java\jre1.8.0_45\bin\net.dll
0x00007ffc96fa0000 - 0x00007ffc9700a000 	C:\WINDOWS\system32\mswsock.dll
0x00007ffc75790000 - 0x00007ffc757a7000 	C:\WINDOWS\system32\napinsp.dll
0x00007ffc7b840000 - 0x00007ffc7b85b000 	C:\WINDOWS\system32\pnrpnsp.dll
0x00007ffc93270000 - 0x00007ffc9328d000 	C:\WINDOWS\system32\NLAapi.dll
0x00007ffc96c20000 - 0x00007ffc96c5b000 	C:\WINDOWS\SYSTEM32\IPHLPAPI.DLL
0x00007ffc96c60000 - 0x00007ffc96d2b000 	C:\WINDOWS\SYSTEM32\DNSAPI.dll
0x00007ffc982a0000 - 0x00007ffc982a8000 	C:\WINDOWS\System32\NSI.dll
0x00007ffc925e0000 - 0x00007ffc925f5000 	C:\WINDOWS\system32\wshbth.dll
0x00007ffc7bb00000 - 0x00007ffc7bb12000 	C:\WINDOWS\System32\winrnr.dll
0x00007ffc89cd0000 - 0x00007ffc89cda000 	C:\Windows\System32\rasadhlp.dll
0x00007ffc89a60000 - 0x00007ffc89adf000 	C:\WINDOWS\System32\fwpuclnt.dll
0x00007ffc97cb0000 - 0x00007ffc97cd7000 	C:\WINDOWS\System32\bcrypt.dll
0x0000000064650000 - 0x0000000064661000 	C:\Program Files\Java\jre1.8.0_45\bin\nio.dll
0x00007ffc97170000 - 0x00007ffc97188000 	C:\WINDOWS\SYSTEM32\CRYPTSP.dll
0x00007ffc96860000 - 0x00007ffc96894000 	C:\WINDOWS\system32\rsaenh.dll
0x00007ffc97660000 - 0x00007ffc9768e000 	C:\WINDOWS\SYSTEM32\USERENV.dll
0x00007ffc978b0000 - 0x00007ffc9792f000 	C:\WINDOWS\System32\bcryptprimitives.dll
0x00007ffc97190000 - 0x00007ffc9719c000 	C:\WINDOWS\SYSTEM32\CRYPTBASE.dll
0x00007ffc901c0000 - 0x00007ffc901d7000 	C:\WINDOWS\SYSTEM32\dhcpcsvc6.DLL
0x00007ffc901a0000 - 0x00007ffc901bd000 	C:\WINDOWS\SYSTEM32\dhcpcsvc.DLL
0x00007ffc85cd0000 - 0x00007ffc85eb4000 	C:\WINDOWS\SYSTEM32\dbghelp.dll

VM Arguments:
jvm_args: -Xmx2048M -Xms2048M 
java_command: server.jar nogui
java_class_path (initial): server.jar
Launcher Type: SUN_STANDARD

Environment Variables:
PATH=C:\ProgramData\Oracle\Java\javapath;C:\Program Files (x86)\Intel\Intel(R) Management Engine Components\iCLS\;C:\Program Files\Intel\Intel(R) Management Engine Components\iCLS\;C:\Windows\system32;C:\Windows;C:\Windows\System32\Wbem;C:\Windows\System32\WindowsPowerShell\v1.0\;C:\Windows\System32\OpenSSH\;C:\Program Files (x86)\Intel\Intel(R) Management Engine Components\DAL;C:\Program Files\Intel\Intel(R) Management Engine Components\DAL;C:\Program Files (x86)\Intel\Intel(R) Management Engine Components\IPT;C:\Program Files\Intel\Intel(R) Management Engine Components\IPT;C:\Program Files (x86)\NVIDIA Corporation\PhysX\Common;C:\WINDOWS\system32;C:\WINDOWS;C:\WINDOWS\System32\Wbem;C:\WINDOWS\System32\WindowsPowerShell\v1.0\;C:\WINDOWS\System32\OpenSSH\;D:\Program Files\Python\Scripts\;D:\Program Files\Python\;C:\Users\Siddharth\AppData\Local\Microsoft\WindowsApps;
USERNAME=Siddharth
OS=Windows_NT
PROCESSOR_IDENTIFIER=Intel64 Family 6 Model 158 Stepping 10, GenuineIntel



---------------  S Y S T E M  ---------------

OS: Windows 10.0 , 64 bit Build 19041 (10.0.19041.546)

CPU:total 8 (4 cores per cpu, 2 threads per core) family 6 model 158 stepping 10, cmov, cx8, fxsr, mmx, sse, sse2, sse3, ssse3, sse4.1, sse4.2, popcnt, avx, avx2, aes, clmul, erms, 3dnowpref, lzcnt, ht, tsc, tscinvbit, bmi1, bmi2, adx

Memory: 4k page, physical 8227124k(487124k free), swap 16500272k(3476k free)

vm_info: Java HotSpot(TM) 64-Bit Server VM (25.45-b02) for windows-amd64 JRE (1.8.0_45-b14), built on Apr 10 2015 10:34:15 by "java_re" with MS VC++ 10.0 (VS2010)

time: Fri Nov 20 15:25:50 2020
elapsed time: 49 seconds (0d 0h 0m 49s)

