#
# There is insufficient memory for the Java Runtime Environment to continue.
# Native memory allocation (malloc) failed to allocate 1354256 bytes for Chunk::new
# Possible reasons:
#   The system is out of physical RAM or swap space
#   In 32 bit mode, the process size limit was hit
# Possible solutions:
#   Reduce memory load on the system
#   Increase physical memory or swap space
#   Check if swap backing store is full
#   Use 64 bit Java on a 64 bit OS
#   Decrease Java heap size (-Xmx/-Xms)
#   Decrease number of Java threads
#   Decrease Java thread stack sizes (-Xss)
#   Set larger code cache with -XX:ReservedCodeCacheSize=
# This output file may be truncated or incomplete.
#
#  Out of Memory Error (allocation.cpp:390), pid=2556, tid=8392
#
# JRE version: Java(TM) SE Runtime Environment (8.0_45-b14) (build 1.8.0_45-b14)
# Java VM: Java HotSpot(TM) 64-Bit Server VM (25.45-b02 mixed mode windows-amd64 compressed oops)
# Failed to write core dump. Minidumps are not enabled by default on client versions of Windows
#

---------------  T H R E A D  ---------------

Current thread (0x0000000017a0a800):  JavaThread "C2 CompilerThread1" daemon [_thread_in_native, id=8392, stack(0x00000000180e0000,0x00000000181e0000)]

Stack: [0x00000000180e0000,0x00000000181e0000]
Native frames: (J=compiled Java code, j=interpreted, Vv=VM code, C=native code)
V  [jvm.dll+0x32b57a]
V  [jvm.dll+0x279873]
V  [jvm.dll+0x27a509]
V  [jvm.dll+0x271825]
V  [jvm.dll+0xcb9e2]
V  [jvm.dll+0xcbeac]
V  [jvm.dll+0x476ef2]
V  [jvm.dll+0x4b955f]
V  [jvm.dll+0x46b6b5]
V  [jvm.dll+0x46ccbe]
V  [jvm.dll+0x4500f2]
V  [jvm.dll+0xa4352]
V  [jvm.dll+0xa4c8f]
V  [jvm.dll+0x241984]
V  [jvm.dll+0x29853a]
C  [msvcr100.dll+0x21d9f]
C  [msvcr100.dll+0x21e3b]
C  [KERNEL32.DLL+0x17034]
C  [ntdll.dll+0x4cec1]


Current CompileTask:
C2: 442340 16021       4       aah::j (295 bytes)


---------------  P R O C E S S  ---------------

Java Threads: ( => current thread )
  0x000000001fa99800 JavaThread "Worker-Main-63" daemon [_thread_blocked, id=12564, stack(0x0000000020eb0000,0x0000000020fb0000)]
  0x000000001fa91800 JavaThread "Worker-Main-64" daemon [_thread_blocked, id=7708, stack(0x0000000020db0000,0x0000000020eb0000)]
  0x000000001fa92000 JavaThread "Netty Server IO #5" daemon [_thread_in_native, id=6700, stack(0x000000001d990000,0x000000001da90000)]
  0x000000001fa93800 JavaThread "Worker-Main-61" daemon [_thread_blocked, id=13100, stack(0x0000000020930000,0x0000000020a30000)]
  0x000000001fa94800 JavaThread "Worker-Main-57" daemon [_thread_blocked, id=5336, stack(0x0000000020a30000,0x0000000020b30000)]
  0x000000001fa98000 JavaThread "Netty Server IO #4" daemon [_thread_in_native, id=2368, stack(0x000000001e590000,0x000000001e690000)]
  0x000000001fa90800 JavaThread "Netty Server IO #3" daemon [_thread_in_native, id=4212, stack(0x0000000001190000,0x0000000001290000)]
  0x000000001bb75800 JavaThread "Worker-Main-50" daemon [_thread_blocked, id=13452, stack(0x000000001e490000,0x000000001e590000)]
  0x000000001bb78800 JavaThread "Worker-Main-48" daemon [_thread_blocked, id=11096, stack(0x000000001c110000,0x000000001c210000)]
  0x000000001bb74000 JavaThread "Worker-Main-43" daemon [_thread_blocked, id=10328, stack(0x000000001a0f0000,0x000000001a1f0000)]
  0x000000001bb72800 JavaThread "Netty Server IO #2" daemon [_thread_in_native, id=12104, stack(0x0000000001090000,0x0000000001190000)]
  0x000000001bb6b800 JavaThread "Netty Server IO #1" daemon [_thread_in_native, id=6576, stack(0x0000000000f90000,0x0000000001090000)]
  0x000000001bb6d800 JavaThread "Server Watchdog" daemon [_thread_blocked, id=13084, stack(0x0000000022630000,0x0000000022730000)]
  0x000000001bb71800 JavaThread "Netty Server IO #0" daemon [_thread_in_native, id=12180, stack(0x0000000021bf0000,0x0000000021cf0000)]
  0x000000001bb70800 JavaThread "ObjectCleanerThread" daemon [_thread_blocked, id=11484, stack(0x00000000211b0000,0x00000000212b0000)]
  0x000000001bb70000 JavaThread "Server console handler" daemon [_thread_in_native, id=9752, stack(0x00000000218f0000,0x00000000219f0000)]
  0x000000001bb6d000 JavaThread "DestroyJavaVM" [_thread_blocked, id=8984, stack(0x0000000002c50000,0x0000000002d50000)]
  0x000000001bb6a800 JavaThread "Server thread" [_thread_blocked, id=4564, stack(0x00000000217f0000,0x00000000218f0000)]
  0x000000001bb6e800 JavaThread "Snooper Timer" daemon [_thread_blocked, id=2012, stack(0x00000000216f0000,0x00000000217f0000)]
  0x000000001c98f000 JavaThread "Timer hack thread" daemon [_thread_blocked, id=14428, stack(0x000000001bdc0000,0x000000001bec0000)]
  0x0000000017aa5800 JavaThread "Service Thread" daemon [_thread_blocked, id=9720, stack(0x00000000183e0000,0x00000000184e0000)]
  0x0000000017a13800 JavaThread "C1 CompilerThread3" daemon [_thread_blocked, id=3880, stack(0x00000000182e0000,0x00000000183e0000)]
  0x0000000017a0d800 JavaThread "C2 CompilerThread2" daemon [_thread_blocked, id=4664, stack(0x00000000181e0000,0x00000000182e0000)]
=>0x0000000017a0a800 JavaThread "C2 CompilerThread1" daemon [_thread_in_native, id=8392, stack(0x00000000180e0000,0x00000000181e0000)]
  0x0000000017a06800 JavaThread "C2 CompilerThread0" daemon [_thread_blocked, id=10436, stack(0x0000000017fe0000,0x00000000180e0000)]
  0x0000000017a03800 JavaThread "Attach Listener" daemon [_thread_blocked, id=644, stack(0x0000000017ee0000,0x0000000017fe0000)]
  0x0000000017a02000 JavaThread "Signal Dispatcher" daemon [_thread_blocked, id=14548, stack(0x0000000017de0000,0x0000000017ee0000)]
  0x0000000002ef9000 JavaThread "Finalizer" daemon [_thread_blocked, id=2760, stack(0x00000000178e0000,0x00000000179e0000)]
  0x0000000002ef2000 JavaThread "Reference Handler" daemon [_thread_blocked, id=2972, stack(0x00000000177e0000,0x00000000178e0000)]

Other Threads:
  0x0000000015a19000 VMThread [stack: 0x00000000176e0000,0x00000000177e0000] [id=9248]
  0x0000000017aa7800 WatcherThread [stack: 0x00000000184e0000,0x00000000185e0000] [id=10412]

VM state:not at safepoint (normal execution)

VM Mutex/Monitor currently owned by a thread: None

Heap:
 PSYoungGen      total 331776K, used 37631K [0x00000000eab00000, 0x0000000100000000, 0x0000000100000000)
  eden space 320512K, 8% used [0x00000000eab00000,0x00000000ec4c3b90,0x00000000fe400000)
  from space 11264K, 99% used [0x00000000ff500000,0x00000000ffffc118,0x0000000100000000)
  to   space 14336K, 0% used [0x00000000fe400000,0x00000000fe400000,0x00000000ff200000)
 ParOldGen       total 699392K, used 259049K [0x00000000c0000000, 0x00000000eab00000, 0x00000000eab00000)
  object space 699392K, 37% used [0x00000000c0000000,0x00000000cfcfa5c0,0x00000000eab00000)
 Metaspace       used 57533K, capacity 65277K, committed 65432K, reserved 1103872K
  class space    used 8635K, capacity 10542K, committed 10648K, reserved 1048576K

Card table byte_map: [0x00000000122c0000,0x00000000124d0000] byte_map_base: 0x0000000011cc0000

Marking Bits: (ParMarkBitMap*) 0x0000000065b04040
 Begin Bits: [0x0000000012e30000, 0x0000000013e30000)
 End Bits:   [0x0000000013e30000, 0x0000000014e30000)

Polling page: 0x0000000002b00000

CodeCache: size=245760Kb used=35041Kb max_used=35352Kb free=210718Kb
 bounds [0x0000000002f00000, 0x00000000051c0000, 0x0000000011f00000]
 total_blobs=11936 nmethods=11068 adapters=775
 compilation: enabled

Compilation events (10 events):
Event: 442.204 Thread 0x0000000017a0d800 nmethod 15986 0x00000000046eac10 code [0x00000000046eae60, 0x00000000046ec0a0]
Event: 442.211 Thread 0x0000000017a06800 16017       4       bry::ac (12 bytes)
Event: 442.213 Thread 0x0000000017a06800 nmethod 16017 0x000000000498df90 code [0x000000000498e0e0, 0x000000000498e1b8]
Event: 442.222 Thread 0x0000000017a0a800 16018       4       bfw::aj (17 bytes)
Event: 442.223 Thread 0x0000000017a0d800 16019       4       java.util.concurrent.ForkJoinPool::externalPush (190 bytes)
Event: 442.223 Thread 0x0000000017a0a800 nmethod 16018 0x0000000004c74c50 code [0x0000000004c74d80, 0x0000000004c74e18]
Event: 442.226 Thread 0x0000000017a06800 16020       4       avw::a (20 bytes)
Event: 442.228 Thread 0x0000000017a0d800 nmethod 16019 0x0000000004862190 code [0x0000000004862300, 0x00000000048626e8]
Event: 442.236 Thread 0x0000000017a0a800 16021       4       aah::j (295 bytes)
Event: 442.251 Thread 0x0000000017a06800 nmethod 16020 0x00000000046f0750 code [0x00000000046f09e0, 0x00000000046f1740]

GC Heap History (10 events):
Event: 416.472 GC heap before
{Heap before GC invocations=247 (full 3):
 PSYoungGen      total 333824K, used 323808K [0x00000000eab00000, 0x0000000100000000, 0x0000000100000000)
  eden space 319488K, 100% used [0x00000000eab00000,0x00000000fe300000,0x00000000fe300000)
  from space 14336K, 30% used [0x00000000fe300000,0x00000000fe738110,0x00000000ff100000)
  to   space 13824K, 0% used [0x00000000ff280000,0x00000000ff280000,0x0000000100000000)
 ParOldGen       total 699392K, used 255103K [0x00000000c0000000, 0x00000000eab00000, 0x00000000eab00000)
  object space 699392K, 36% used [0x00000000c0000000,0x00000000cf91fec8,0x00000000eab00000)
 Metaspace       used 57467K, capacity 65151K, committed 65432K, reserved 1103872K
  class space    used 8634K, capacity 10541K, committed 10648K, reserved 1048576K
Event: 416.477 GC heap after
Heap after GC invocations=247 (full 3):
 PSYoungGen      total 335872K, used 4224K [0x00000000eab00000, 0x0000000100000000, 0x0000000100000000)
  eden space 322048K, 0% used [0x00000000eab00000,0x00000000eab00000,0x00000000fe580000)
  from space 13824K, 30% used [0x00000000ff280000,0x00000000ff6a0100,0x0000000100000000)
  to   space 13312K, 0% used [0x00000000fe580000,0x00000000fe580000,0x00000000ff280000)
 ParOldGen       total 699392K, used 255183K [0x00000000c0000000, 0x00000000eab00000, 0x00000000eab00000)
  object space 699392K, 36% used [0x00000000c0000000,0x00000000cf933ec8,0x00000000eab00000)
 Metaspace       used 57467K, capacity 65151K, committed 65432K, reserved 1103872K
  class space    used 8634K, capacity 10541K, committed 10648K, reserved 1048576K
}
Event: 422.224 GC heap before
{Heap before GC invocations=248 (full 3):
 PSYoungGen      total 335872K, used 326272K [0x00000000eab00000, 0x0000000100000000, 0x0000000100000000)
  eden space 322048K, 100% used [0x00000000eab00000,0x00000000fe580000,0x00000000fe580000)
  from space 13824K, 30% used [0x00000000ff280000,0x00000000ff6a0100,0x0000000100000000)
  to   space 13312K, 0% used [0x00000000fe580000,0x00000000fe580000,0x00000000ff280000)
 ParOldGen       total 699392K, used 255183K [0x00000000c0000000, 0x00000000eab00000, 0x00000000eab00000)
  object space 699392K, 36% used [0x00000000c0000000,0x00000000cf933ec8,0x00000000eab00000)
 Metaspace       used 57497K, capacity 65249K, committed 65432K, reserved 1103872K
  class space    used 8635K, capacity 10542K, committed 10648K, reserved 1048576K
Event: 422.230 GC heap after
Heap after GC invocations=248 (full 3):
 PSYoungGen      total 335360K, used 5104K [0x00000000eab00000, 0x0000000100000000, 0x0000000100000000)
  eden space 322048K, 0% used [0x00000000eab00000,0x00000000eab00000,0x00000000fe580000)
  from space 13312K, 38% used [0x00000000fe580000,0x00000000fea7c0f8,0x00000000ff280000)
  to   space 12800K, 0% used [0x00000000ff380000,0x00000000ff380000,0x0000000100000000)
 ParOldGen       total 699392K, used 255263K [0x00000000c0000000, 0x00000000eab00000, 0x00000000eab00000)
  object space 699392K, 36% used [0x00000000c0000000,0x00000000cf947ed8,0x00000000eab00000)
 Metaspace       used 57497K, capacity 65249K, committed 65432K, reserved 1103872K
  class space    used 8635K, capacity 10542K, committed 10648K, reserved 1048576K
}
Event: 428.925 GC heap before
{Heap before GC invocations=249 (full 3):
 PSYoungGen      total 335360K, used 327152K [0x00000000eab00000, 0x0000000100000000, 0x0000000100000000)
  eden space 322048K, 100% used [0x00000000eab00000,0x00000000fe580000,0x00000000fe580000)
  from space 13312K, 38% used [0x00000000fe580000,0x00000000fea7c0f8,0x00000000ff280000)
  to   space 12800K, 0% used [0x00000000ff380000,0x00000000ff380000,0x0000000100000000)
 ParOldGen       total 699392K, used 255263K [0x00000000c0000000, 0x00000000eab00000, 0x00000000eab00000)
  object space 699392K, 36% used [0x00000000c0000000,0x00000000cf947ed8,0x00000000eab00000)
 Metaspace       used 57502K, capacity 65249K, committed 65432K, reserved 1103872K
  class space    used 8635K, capacity 10542K, committed 10648K, reserved 1048576K
Event: 428.934 GC heap after
Heap after GC invocations=249 (full 3):
 PSYoungGen      total 336896K, used 5136K [0x00000000eab00000, 0x0000000100000000, 0x0000000100000000)
  eden space 324096K, 0% used [0x00000000eab00000,0x00000000eab00000,0x00000000fe780000)
  from space 12800K, 40% used [0x00000000ff380000,0x00000000ff884118,0x0000000100000000)
  to   space 12288K, 0% used [0x00000000fe780000,0x00000000fe780000,0x00000000ff380000)
 ParOldGen       total 699392K, used 255319K [0x00000000c0000000, 0x00000000eab00000, 0x00000000eab00000)
  object space 699392K, 36% used [0x00000000c0000000,0x00000000cf955ed8,0x00000000eab00000)
 Metaspace       used 57502K, capacity 65249K, committed 65432K, reserved 1103872K
  class space    used 8635K, capacity 10542K, committed 10648K, reserved 1048576K
}
Event: 435.572 GC heap before
{Heap before GC invocations=250 (full 3):
 PSYoungGen      total 336896K, used 329232K [0x00000000eab00000, 0x0000000100000000, 0x0000000100000000)
  eden space 324096K, 100% used [0x00000000eab00000,0x00000000fe780000,0x00000000fe780000)
  from space 12800K, 40% used [0x00000000ff380000,0x00000000ff884118,0x0000000100000000)
  to   space 12288K, 0% used [0x00000000fe780000,0x00000000fe780000,0x00000000ff380000)
 ParOldGen       total 699392K, used 255319K [0x00000000c0000000, 0x00000000eab00000, 0x00000000eab00000)
  object space 699392K, 36% used [0x00000000c0000000,0x00000000cf955ed8,0x00000000eab00000)
 Metaspace       used 57520K, capacity 65249K, committed 65432K, reserved 1103872K
  class space    used 8635K, capacity 10542K, committed 10648K, reserved 1048576K
Event: 435.581 GC heap after
Heap after GC invocations=250 (full 3):
 PSYoungGen      total 336384K, used 5152K [0x00000000eab00000, 0x0000000100000000, 0x0000000100000000)
  eden space 324096K, 0% used [0x00000000eab00000,0x00000000eab00000,0x00000000fe780000)
  from space 12288K, 41% used [0x00000000fe780000,0x00000000fec88150,0x00000000ff380000)
  to   space 11264K, 0% used [0x00000000ff500000,0x00000000ff500000,0x0000000100000000)
 ParOldGen       total 699392K, used 255431K [0x00000000c0000000, 0x00000000eab00000, 0x00000000eab00000)
  object space 699392K, 36% used [0x00000000c0000000,0x00000000cf971ed8,0x00000000eab00000)
 Metaspace       used 57520K, capacity 65249K, committed 65432K, reserved 1103872K
  class space    used 8635K, capacity 10542K, committed 10648K, reserved 1048576K
}
Event: 442.192 GC heap before
{Heap before GC invocations=251 (full 3):
 PSYoungGen      total 336384K, used 329248K [0x00000000eab00000, 0x0000000100000000, 0x0000000100000000)
  eden space 324096K, 100% used [0x00000000eab00000,0x00000000fe780000,0x00000000fe780000)
  from space 12288K, 41% used [0x00000000fe780000,0x00000000fec88150,0x00000000ff380000)
  to   space 11264K, 0% used [0x00000000ff500000,0x00000000ff500000,0x0000000100000000)
 ParOldGen       total 699392K, used 255431K [0x00000000c0000000, 0x00000000eab00000, 0x00000000eab00000)
  object space 699392K, 36% used [0x00000000c0000000,0x00000000cf971ed8,0x00000000eab00000)
 Metaspace       used 57533K, capacity 65277K, committed 65432K, reserved 1103872K
  class space    used 8635K, capacity 10542K, committed 10648K, reserved 1048576K
Event: 442.201 GC heap after
Heap after GC invocations=251 (full 3):
 PSYoungGen      total 331776K, used 11248K [0x00000000eab00000, 0x0000000100000000, 0x0000000100000000)
  eden space 320512K, 0% used [0x00000000eab00000,0x00000000eab00000,0x00000000fe400000)
  from space 11264K, 99% used [0x00000000ff500000,0x00000000ffffc118,0x0000000100000000)
  to   space 14336K, 0% used [0x00000000fe400000,0x00000000fe400000,0x00000000ff200000)
 ParOldGen       total 699392K, used 259049K [0x00000000c0000000, 0x00000000eab00000, 0x00000000eab00000)
  object space 699392K, 37% used [0x00000000c0000000,0x00000000cfcfa5c0,0x00000000eab00000)
 Metaspace       used 57533K, capacity 65277K, committed 65432K, reserved 1103872K
  class space    used 8635K, capacity 10542K, committed 10648K, reserved 1048576K
}

Deoptimization events (10 events):
Event: 435.229 Thread 0x000000001bb6a800 Uncommon trap: reason=unstable_if action=reinterpret pc=0x0000000004d4ab30 method=azy.eS()Z @ 12
Event: 442.055 Thread 0x000000001bb71800 Uncommon trap: reason=class_check action=maybe_recompile pc=0x00000000046be6e8 method=io.netty.channel.nio.NioEventLoop.processSelectedKeysOptimized()V @ 39
Event: 442.155 Thread 0x000000001bb6a800 Uncommon trap: reason=bimorphic action=maybe_recompile pc=0x00000000037f5600 method=io.netty.buffer.AbstractByteBuf.setIndex(II)Lio/netty/buffer/ByteBuf; @ 11
Event: 442.155 Thread 0x000000001bb6a800 Uncommon trap: reason=bimorphic action=maybe_recompile pc=0x00000000049ed400 method=nf.writeByte(I)Lio/netty/buffer/ByteBuf; @ 5
Event: 442.155 Thread 0x000000001bb6a800 Uncommon trap: reason=bimorphic action=maybe_recompile pc=0x00000000046589dc method=io.netty.buffer.AbstractByteBuf.ensureWritable0(I)V @ 6
Event: 442.155 Thread 0x000000001bb6a800 Uncommon trap: reason=class_check action=maybe_recompile pc=0x0000000004aa9864 method=io.netty.buffer.AbstractByteBuf.writeBytes([B)Lio/netty/buffer/ByteBuf; @ 5
Event: 442.155 Thread 0x000000001bb6a800 Uncommon trap: reason=class_check action=maybe_recompile pc=0x0000000004a6833c method=io.netty.buffer.AbstractByteBuf.writeBytes([BII)Lio/netty/buffer/ByteBuf; @ 2
Event: 442.155 Thread 0x000000001bb6a800 Uncommon trap: reason=bimorphic action=maybe_recompile pc=0x00000000041b89d8 method=io.netty.buffer.AbstractByteBuf.ensureWritable0(I)V @ 6
Event: 442.162 Thread 0x000000001fa92000 Uncommon trap: reason=class_check action=maybe_recompile pc=0x0000000004ee296c method=io.netty.buffer.AbstractByteBuf.writeBytes(Lio/netty/buffer/ByteBuf;I)Lio/netty/buffer/ByteBuf; @ 2
Event: 442.162 Thread 0x000000001fa92000 Uncommon trap: reason=class_check action=maybe_recompile pc=0x0000000004800a74 method=io.netty.buffer.UnsafeByteBufUtil.setBytes(Lio/netty/buffer/AbstractByteBuf;JILio/netty/buffer/ByteBuf;II)V @ 21

Internal exceptions (10 events):
Event: 403.834 Thread 0x000000001bb6a800 Exception <a 'sun/nio/fs/WindowsException'> (0x00000000ee13e930) thrown at [C:\re\workspace\8-2-build-windows-amd64-cygwin\jdk8u45\3457\hotspot\src\share\vm\prims\jni.cpp, line 709]
Event: 403.835 Thread 0x000000001bb6a800 Exception <a 'sun/nio/fs/WindowsException'> (0x00000000ee13f078) thrown at [C:\re\workspace\8-2-build-windows-amd64-cygwin\jdk8u45\3457\hotspot\src\share\vm\prims\jni.cpp, line 709]
Event: 403.835 Thread 0x000000001bb6a800 Exception <a 'sun/nio/fs/WindowsException'> (0x00000000ee13f270) thrown at [C:\re\workspace\8-2-build-windows-amd64-cygwin\jdk8u45\3457\hotspot\src\share\vm\prims\jni.cpp, line 709]
Event: 403.835 Thread 0x000000001bb6a800 Exception <a 'sun/nio/fs/WindowsException'> (0x00000000ee13f8e0) thrown at [C:\re\workspace\8-2-build-windows-amd64-cygwin\jdk8u45\3457\hotspot\src\share\vm\prims\jni.cpp, line 709]
Event: 403.835 Thread 0x000000001bb6a800 Exception <a 'sun/nio/fs/WindowsException'> (0x00000000ee140830) thrown at [C:\re\workspace\8-2-build-windows-amd64-cygwin\jdk8u45\3457\hotspot\src\share\vm\prims\jni.cpp, line 709]
Event: 433.529 Thread 0x000000001bb6a800 Exception <a 'sun/nio/fs/WindowsException'> (0x00000000f856f9f0) thrown at [C:\re\workspace\8-2-build-windows-amd64-cygwin\jdk8u45\3457\hotspot\src\share\vm\prims\jni.cpp, line 709]
Event: 433.530 Thread 0x000000001bb6a800 Exception <a 'sun/nio/fs/WindowsException'> (0x00000000f8570138) thrown at [C:\re\workspace\8-2-build-windows-amd64-cygwin\jdk8u45\3457\hotspot\src\share\vm\prims\jni.cpp, line 709]
Event: 433.530 Thread 0x000000001bb6a800 Exception <a 'sun/nio/fs/WindowsException'> (0x00000000f8570330) thrown at [C:\re\workspace\8-2-build-windows-amd64-cygwin\jdk8u45\3457\hotspot\src\share\vm\prims\jni.cpp, line 709]
Event: 433.530 Thread 0x000000001bb6a800 Exception <a 'sun/nio/fs/WindowsException'> (0x00000000f85709a0) thrown at [C:\re\workspace\8-2-build-windows-amd64-cygwin\jdk8u45\3457\hotspot\src\share\vm\prims\jni.cpp, line 709]
Event: 433.530 Thread 0x000000001bb6a800 Exception <a 'sun/nio/fs/WindowsException'> (0x00000000f85718f0) thrown at [C:\re\workspace\8-2-build-windows-amd64-cygwin\jdk8u45\3457\hotspot\src\share\vm\prims\jni.cpp, line 709]

Events (10 events):
Event: 442.201 Executing VM operation: RevokeBias
Event: 442.201 Executing VM operation: RevokeBias done
Event: 442.201 Executing VM operation: RevokeBias
Event: 442.201 Executing VM operation: RevokeBias done
Event: 442.201 Executing VM operation: RevokeBias
Event: 442.201 Executing VM operation: RevokeBias done
Event: 442.201 Executing VM operation: RevokeBias
Event: 442.201 Executing VM operation: RevokeBias done
Event: 442.208 Thread 0x000000001fa91800 Thread added: 0x000000001fa91800
Event: 442.208 Thread 0x000000001fa99800 Thread added: 0x000000001fa99800


Dynamic libraries:
0x00007ff7ea110000 - 0x00007ff7ea147000 	C:\ProgramData\Oracle\Java\javapath\java.exe
0x00007ffdb09d0000 - 0x00007ffdb0bc6000 	C:\WINDOWS\SYSTEM32\ntdll.dll
0x00007ffdb0110000 - 0x00007ffdb01cd000 	C:\WINDOWS\System32\KERNEL32.DLL
0x00007ffdae480000 - 0x00007ffdae748000 	C:\WINDOWS\System32\KERNELBASE.dll
0x00007ffdafb20000 - 0x00007ffdafbcc000 	C:\WINDOWS\System32\ADVAPI32.dll
0x00007ffdb0760000 - 0x00007ffdb07fe000 	C:\WINDOWS\System32\msvcrt.dll
0x00007ffdafdb0000 - 0x00007ffdafe4b000 	C:\WINDOWS\System32\sechost.dll
0x00007ffdaffb0000 - 0x00007ffdb00d4000 	C:\WINDOWS\System32\RPCRT4.dll
0x00007ffdb01d0000 - 0x00007ffdb0370000 	C:\WINDOWS\System32\USER32.dll
0x00007ffdae450000 - 0x00007ffdae472000 	C:\WINDOWS\System32\win32u.dll
0x00007ffdafbd0000 - 0x00007ffdafbfa000 	C:\WINDOWS\System32\GDI32.dll
0x00007ffdae780000 - 0x00007ffdae889000 	C:\WINDOWS\System32\gdi32full.dll
0x00007ffdae990000 - 0x00007ffdaea2d000 	C:\WINDOWS\System32\msvcp_win.dll
0x00007ffdae890000 - 0x00007ffdae990000 	C:\WINDOWS\System32\ucrtbase.dll
0x00007ffd96480000 - 0x00007ffd9671b000 	C:\WINDOWS\WinSxS\amd64_microsoft.windows.common-controls_6595b64144ccf1df_6.0.19041.488_none_ca04af081b815d21\COMCTL32.dll
0x00007ffdb00e0000 - 0x00007ffdb0110000 	C:\WINDOWS\System32\IMM32.DLL
0x0000000065fe0000 - 0x00000000660b2000 	C:\Program Files\Java\jre1.8.0_45\bin\msvcr100.dll
0x0000000065300000 - 0x0000000065b83000 	C:\Program Files\Java\jre1.8.0_45\bin\server\jvm.dll
0x00007ffdaebc0000 - 0x00007ffdaebc8000 	C:\WINDOWS\System32\PSAPI.DLL
0x00007ffda8c50000 - 0x00007ffda8c59000 	C:\WINDOWS\SYSTEM32\WSOCK32.dll
0x00007ffd9e320000 - 0x00007ffd9e347000 	C:\WINDOWS\SYSTEM32\WINMM.dll
0x00007ffda0e10000 - 0x00007ffda0e1a000 	C:\WINDOWS\SYSTEM32\VERSION.dll
0x00007ffdafe70000 - 0x00007ffdafedb000 	C:\WINDOWS\System32\WS2_32.dll
0x0000000065fd0000 - 0x0000000065fdf000 	C:\Program Files\Java\jre1.8.0_45\bin\verify.dll
0x0000000065fa0000 - 0x0000000065fc9000 	C:\Program Files\Java\jre1.8.0_45\bin\java.dll
0x0000000065f80000 - 0x0000000065f96000 	C:\Program Files\Java\jre1.8.0_45\bin\zip.dll
0x00007ffdaf120000 - 0x00007ffdaf861000 	C:\WINDOWS\System32\SHELL32.dll
0x00007ffdac260000 - 0x00007ffdac9f5000 	C:\WINDOWS\SYSTEM32\windows.storage.dll
0x00007ffdb0400000 - 0x00007ffdb0755000 	C:\WINDOWS\System32\combase.dll
0x00007ffdadb80000 - 0x00007ffdadbac000 	C:\WINDOWS\SYSTEM32\Wldp.dll
0x00007ffdaf870000 - 0x00007ffdaf91e000 	C:\WINDOWS\System32\SHCORE.dll
0x00007ffdaf0c0000 - 0x00007ffdaf115000 	C:\WINDOWS\System32\shlwapi.dll
0x00007ffdae040000 - 0x00007ffdae066000 	C:\WINDOWS\SYSTEM32\profapi.dll
0x0000000065f70000 - 0x0000000065f7d000 	C:\Program Files\Java\jre1.8.0_45\bin\management.dll
0x0000000065f50000 - 0x0000000065f6a000 	C:\Program Files\Java\jre1.8.0_45\bin\net.dll
0x00007ffdad900000 - 0x00007ffdad96a000 	C:\WINDOWS\system32\mswsock.dll
0x00007ffd9f5f0000 - 0x00007ffd9f607000 	C:\WINDOWS\system32\napinsp.dll
0x00007ffd9fc80000 - 0x00007ffd9fc9b000 	C:\WINDOWS\system32\pnrpnsp.dll
0x00007ffda6e60000 - 0x00007ffda6e7d000 	C:\WINDOWS\system32\NLAapi.dll
0x00007ffdad580000 - 0x00007ffdad5bb000 	C:\WINDOWS\SYSTEM32\IPHLPAPI.DLL
0x00007ffdad5c0000 - 0x00007ffdad68b000 	C:\WINDOWS\SYSTEM32\DNSAPI.dll
0x00007ffdb0980000 - 0x00007ffdb0988000 	C:\WINDOWS\System32\NSI.dll
0x00007ffda9220000 - 0x00007ffda9235000 	C:\WINDOWS\system32\wshbth.dll
0x00007ffda7ff0000 - 0x00007ffda8002000 	C:\WINDOWS\System32\winrnr.dll
0x00007ffda6d60000 - 0x00007ffda6d6a000 	C:\Windows\System32\rasadhlp.dll
0x00007ffd9d810000 - 0x00007ffd9d88f000 	C:\WINDOWS\System32\fwpuclnt.dll
0x00007ffdae750000 - 0x00007ffdae777000 	C:\WINDOWS\System32\bcrypt.dll
0x0000000065f30000 - 0x0000000065f41000 	C:\Program Files\Java\jre1.8.0_45\bin\nio.dll
0x00007ffdadad0000 - 0x00007ffdadae8000 	C:\WINDOWS\SYSTEM32\CRYPTSP.dll
0x00007ffdad1c0000 - 0x00007ffdad1f4000 	C:\WINDOWS\system32\rsaenh.dll
0x00007ffdadfc0000 - 0x00007ffdadfee000 	C:\WINDOWS\SYSTEM32\USERENV.dll
0x00007ffdae1c0000 - 0x00007ffdae23f000 	C:\WINDOWS\System32\bcryptprimitives.dll
0x00007ffdadaf0000 - 0x00007ffdadafc000 	C:\WINDOWS\SYSTEM32\CRYPTBASE.dll
0x00007ffda5c30000 - 0x00007ffda5c47000 	C:\WINDOWS\SYSTEM32\dhcpcsvc6.DLL
0x00007ffda6c60000 - 0x00007ffda6c7d000 	C:\WINDOWS\SYSTEM32\dhcpcsvc.DLL
0x00007ffd9fcf0000 - 0x00007ffd9fed4000 	C:\WINDOWS\SYSTEM32\dbghelp.dll

VM Arguments:
jvm_args: -Xmx1024M -Xms1024M 
java_command: server.jar nogui
java_class_path (initial): server.jar
Launcher Type: SUN_STANDARD

Environment Variables:
PATH=C:\ProgramData\Oracle\Java\javapath;C:\Program Files (x86)\Intel\Intel(R) Management Engine Components\iCLS\;C:\Program Files\Intel\Intel(R) Management Engine Components\iCLS\;C:\Windows\system32;C:\Windows;C:\Windows\System32\Wbem;C:\Windows\System32\WindowsPowerShell\v1.0\;C:\Windows\System32\OpenSSH\;C:\Program Files (x86)\Intel\Intel(R) Management Engine Components\DAL;C:\Program Files\Intel\Intel(R) Management Engine Components\DAL;C:\Program Files (x86)\Intel\Intel(R) Management Engine Components\IPT;C:\Program Files\Intel\Intel(R) Management Engine Components\IPT;C:\Program Files (x86)\NVIDIA Corporation\PhysX\Common;C:\WINDOWS\system32;C:\WINDOWS;C:\WINDOWS\System32\Wbem;C:\WINDOWS\System32\WindowsPowerShell\v1.0\;C:\WINDOWS\System32\OpenSSH\;D:\Program Files\Python\Scripts\;D:\Program Files\Python\;C:\Users\Siddharth\AppData\Local\Microsoft\WindowsApps;
USERNAME=Siddharth
OS=Windows_NT
PROCESSOR_IDENTIFIER=Intel64 Family 6 Model 158 Stepping 10, GenuineIntel



---------------  S Y S T E M  ---------------

OS: Windows 10.0 , 64 bit Build 19041 (10.0.19041.546)

CPU:total 8 (4 cores per cpu, 2 threads per core) family 6 model 158 stepping 10, cmov, cx8, fxsr, mmx, sse, sse2, sse3, ssse3, sse4.1, sse4.2, popcnt, avx, avx2, aes, clmul, erms, 3dnowpref, lzcnt, ht, tsc, tscinvbit, bmi1, bmi2, adx

Memory: 4k page, physical 8227124k(513908k free), swap 16500272k(4052k free)

vm_info: Java HotSpot(TM) 64-Bit Server VM (25.45-b02) for windows-amd64 JRE (1.8.0_45-b14), built on Apr 10 2015 10:34:15 by "java_re" with MS VC++ 10.0 (VS2010)

time: Sat Nov 21 14:39:02 2020
elapsed time: 442 seconds (0d 0h 7m 22s)

