[21:41:11] [main/INFO]: Environment: authHost='https://authserver.mojang.com', accountsHost='https://api.mojang.com', sessionHost='https://sessionserver.mojang.com', servicesHost='https://api.minecraftservices.com', name='PROD'
[21:41:12] [main/WARN]: Ambiguity between arguments [teleport, destination] and [teleport, targets] with inputs: [Player, 0123, @e, dd12be42-52a9-4a91-a8a1-11c01849e498]
[21:41:12] [main/WARN]: Ambiguity between arguments [teleport, location] and [teleport, destination] with inputs: [0.1 -0.5 .9, 0 0 0]
[21:41:12] [main/WARN]: Ambiguity between arguments [teleport, location] and [teleport, targets] with inputs: [0.1 -0.5 .9, 0 0 0]
[21:41:12] [main/WARN]: Ambiguity between arguments [teleport, targets] and [teleport, destination] with inputs: [Player, 0123, dd12be42-52a9-4a91-a8a1-11c01849e498]
[21:41:12] [main/WARN]: Ambiguity between arguments [teleport, targets, location] and [teleport, targets, destination] with inputs: [0.1 -0.5 .9, 0 0 0]
[21:41:12] [main/INFO]: Reloading ResourceManager: Default
[21:41:13] [Worker-Main-14/INFO]: Loaded 7 recipes
[21:41:14] [Worker-Main-14/INFO]: Loaded 927 advancements
[21:41:16] [Server thread/INFO]: Starting minecraft server version 1.16.4
[21:41:16] [Server thread/INFO]: Loading properties
[21:41:16] [Server thread/INFO]: Default game type: SURVIVAL
[21:41:16] [Server thread/INFO]: Generating keypair
[21:41:16] [Server thread/INFO]: Starting Minecraft server on *:25565
[21:41:16] [Server thread/INFO]: Using default channel type
[21:41:19] [Server thread/WARN]: **** SERVER IS RUNNING IN OFFLINE/INSECURE MODE!
[21:41:19] [Server thread/WARN]: The server will make no attempt to authenticate usernames. Beware.
[21:41:19] [Server thread/WARN]: While this makes the game possible to play without internet access, it also opens up the ability for hackers to connect with any username they choose.
[21:41:19] [Server thread/WARN]: To change this, set "online-mode" to "true" in the server.properties file.
[21:41:19] [Server thread/INFO]: Preparing level "world"
[21:41:19] [Server thread/INFO]: Preparing start region for dimension minecraft:overworld
[21:41:21] [Server thread/INFO]: Preparing spawn area: 0%
[21:41:21] [Server thread/INFO]: Preparing spawn area: 0%
[21:41:21] [Server thread/INFO]: Preparing spawn area: 0%
[21:41:21] [Server thread/INFO]: Preparing spawn area: 0%
[21:41:22] [Server thread/INFO]: Preparing spawn area: 0%
[21:41:22] [Server thread/INFO]: Preparing spawn area: 49%
[21:41:23] [Server thread/INFO]: Time elapsed: 4007 ms
[21:41:24] [Server thread/INFO]: Done (4.232s)! For help, type "help"
[21:42:26] [Server thread/INFO]: RitikKhatri[/127.0.0.1:35716] logged in with entity id 75 at (187.29591528694894, 84.0, -567.3619158249469)
[21:42:26] [Server thread/INFO]: RitikKhatri joined the game
[21:57:30] [Server thread/WARN]: Fetching packet for removed entity bcv['Air'/2414, l='ServerLevel[world]', x=240.17, y=79.00, z=-551.84]
[22:24:38] [Server thread/WARN]: Fetching packet for removed entity bcv['Air'/6539, l='ServerLevel[world]', x=238.17, y=79.00, z=-552.23]
[22:25:14] [Server thread/WARN]: Fetching packet for removed entity bcv['Air'/6611, l='ServerLevel[world]', x=239.30, y=79.00, z=-548.34]
[22:26:45] [Server thread/WARN]: Fetching packet for removed entity bcv['Air'/6826, l='ServerLevel[world]', x=239.63, y=79.00, z=-550.25]
[22:40:57] [Server thread/WARN]: Fetching packet for removed entity bcv['Air'/8927, l='ServerLevel[world]', x=237.01, y=79.00, z=-548.53]
[22:42:26] [Server thread/WARN]: Fetching packet for removed entity bcv['Air'/9092, l='ServerLevel[world]', x=239.31, y=79.00, z=-547.83]
[23:00:39] [Server thread/WARN]: Fetching packet for removed entity bcv['Air'/12042, l='ServerLevel[world]', x=237.96, y=79.00, z=-549.42]
[23:14:11] [Server thread/WARN]: Fetching packet for removed entity bcv['Air'/13944, l='ServerLevel[world]', x=240.17, y=79.00, z=-551.97]
[23:16:10] [Server thread/WARN]: Fetching packet for removed entity bcv['Air'/14149, l='ServerLevel[world]', x=236.64, y=79.00, z=-546.83]
[23:25:13] [Server thread/WARN]: Fetching packet for removed entity bcv['Air'/15377, l='ServerLevel[world]', x=239.00, y=79.00, z=-548.77]
[23:26:18] [Server thread/WARN]: Fetching packet for removed entity bcv['Air'/15504, l='ServerLevel[world]', x=238.72, y=79.00, z=-552.75]
[23:30:56] [Server thread/WARN]: Fetching packet for removed entity bcv['Air'/16160, l='ServerLevel[world]', x=237.63, y=79.00, z=-549.83]
[23:31:00] [Server thread/WARN]: Fetching packet for removed entity bcv['Air'/16173, l='ServerLevel[world]', x=238.13, y=79.00, z=-549.81]
[23:40:56] [Server thread/WARN]: Fetching packet for removed entity bcv['Air'/17789, l='ServerLevel[world]', x=238.81, y=79.00, z=-551.86]
[23:43:05] [Server thread/WARN]: Fetching packet for removed entity bcv['Air'/18184, l='ServerLevel[world]', x=236.16, y=79.00, z=-548.85]
[23:50:59] [Server thread/INFO]: RitikKhatri lost connection: Disconnected
[23:50:59] [Server thread/INFO]: RitikKhatri left the game
[23:51:06] [Server thread/INFO]: Stopping the server
[23:51:06] [Server thread/INFO]: Stopping server
[23:51:06] [Server thread/INFO]: Saving players
[23:51:06] [Server thread/INFO]: Saving worlds
[23:51:06] [Server thread/INFO]: Saving chunks for level 'ServerLevel[world]'/minecraft:overworld
[23:51:07] [Server thread/INFO]: ThreadedAnvilChunkStorage (world): All chunks are saved
[23:51:07] [Server thread/INFO]: Saving chunks for level 'ServerLevel[world]'/minecraft:the_nether
[23:51:07] [Server thread/INFO]: ThreadedAnvilChunkStorage (DIM-1): All chunks are saved
[23:51:07] [Server thread/INFO]: Saving chunks for level 'ServerLevel[world]'/minecraft:the_end
[23:51:07] [Server thread/INFO]: ThreadedAnvilChunkStorage (DIM1): All chunks are saved
[23:51:07] [Server thread/INFO]: ThreadedAnvilChunkStorage (world): All chunks are saved
[23:51:07] [Server thread/INFO]: ThreadedAnvilChunkStorage (DIM-1): All chunks are saved
[23:51:07] [Server thread/INFO]: ThreadedAnvilChunkStorage (DIM1): All chunks are saved
